[2022-10-04T21:29:15.395Z] 로그 수준: Info
[2022-10-04T21:29:15.410Z] [info] git에서 찾은 git 유효성을 검사하는 중
[2022-10-04T21:29:15.483Z] [info] git에서 git 2.37.1을(를) 사용하는 중
[2022-10-04T21:29:15.595Z] > git rev-parse --show-toplevel [76ms]
[2022-10-04T21:29:15.595Z] fatal: not a git repository (or any of the parent directories): .git
[2022-10-04T21:29:15.658Z] > git rev-parse --show-toplevel [39ms]
[2022-10-04T21:29:15.658Z] fatal: not a git repository (or any of the parent directories): .git
[2022-10-04T21:29:15.716Z] > git rev-parse --show-toplevel [38ms]
[2022-10-04T21:29:15.716Z] fatal: not a git repository (or any of the parent directories): .git
[2022-10-04T21:29:15.752Z] > git rev-parse --show-toplevel [7ms]
[2022-10-04T21:29:15.753Z] fatal: not a git repository (or any of the parent directories): .git
[2022-10-04T21:29:15.765Z] > git rev-parse --show-toplevel [7ms]
[2022-10-04T21:29:15.765Z] fatal: not a git repository (or any of the parent directories): .git
[2022-10-04T21:29:15.778Z] > git rev-parse --show-toplevel [6ms]
[2022-10-04T21:29:15.778Z] fatal: not a git repository (or any of the parent directories): .git
[2022-10-04T21:29:15.790Z] > git rev-parse --show-toplevel [7ms]
[2022-10-04T21:29:15.790Z] fatal: not a git repository (or any of the parent directories): .git
[2022-10-04T21:29:15.824Z] > git rev-parse --show-toplevel [2ms]
[2022-10-04T21:29:15.934Z] > git rev-parse --git-dir --git-common-dir [100ms]
[2022-10-04T21:29:15.971Z] [info] Open repository: /home/ec2-user/PythonContest
[2022-10-04T21:29:16.057Z] > git status -z -uall [62ms]
[2022-10-04T21:29:16.080Z] > git rev-parse --show-toplevel [63ms]
[2022-10-04T21:29:16.080Z] fatal: not a git repository (or any of the parent directories): .git
[2022-10-04T21:29:16.101Z] > git symbolic-ref --short HEAD [22ms]
[2022-10-04T21:29:16.117Z] > git rev-parse --show-toplevel [19ms]
[2022-10-04T21:29:16.117Z] fatal: not a git repository (or any of the parent directories): .git
[2022-10-04T21:29:16.132Z] > git for-each-ref --format=%(refname)%00%(upstream:short)%00%(objectname)%00%(upstream:track)%00%(upstream:remotename)%00%(upstream:remoteref) refs/heads/main refs/remotes/main [19ms]
[2022-10-04T21:29:16.149Z] > git for-each-ref --sort -committerdate --format %(refname) %(objectname) %(*objectname) [7ms]
[2022-10-04T21:29:16.150Z] > git rev-parse --show-toplevel [25ms]
[2022-10-04T21:29:16.150Z] fatal: not a git repository (or any of the parent directories): .git
[2022-10-04T21:29:16.164Z] > git rev-parse --show-toplevel [1ms]
[2022-10-04T21:29:16.164Z] fatal: not a git repository (or any of the parent directories): .git
[2022-10-04T21:29:16.174Z] > git remote --verbose [27ms]
[2022-10-04T21:29:16.217Z] > git rev-parse --show-toplevel [43ms]
[2022-10-04T21:29:16.217Z] fatal: not a git repository (or any of the parent directories): .git
[2022-10-04T21:29:16.224Z] > git config --get commit.template [8ms]
[2022-10-04T21:29:16.248Z] > git rev-parse --show-toplevel [25ms]
[2022-10-04T21:29:16.248Z] fatal: not a git repository (or any of the parent directories): .git
[2022-10-04T21:29:16.265Z] > git rev-parse --show-toplevel [11ms]
[2022-10-04T21:29:16.265Z] fatal: not a git repository (or any of the parent directories): .git
[2022-10-04T21:29:16.269Z] > git status -z -uall [22ms]
[2022-10-04T21:29:16.285Z] > git symbolic-ref --short HEAD [8ms]
[2022-10-04T21:29:16.294Z] > git for-each-ref --format=%(refname)%00%(upstream:short)%00%(objectname)%00%(upstream:track)%00%(upstream:remotename)%00%(upstream:remoteref) refs/heads/main refs/remotes/main [4ms]
[2022-10-04T21:29:16.307Z] > git for-each-ref --sort -committerdate --format %(refname) %(objectname) %(*objectname) [5ms]
[2022-10-04T21:29:16.313Z] > git remote --verbose [7ms]
[2022-10-04T21:29:16.325Z] > git config --get commit.template [3ms]
[2022-10-04T21:29:16.577Z] > git check-ignore -v -z --stdin [13ms]
[2022-10-04T21:29:17.523Z] > git rev-parse --show-toplevel [32ms]
[2022-10-04T21:29:17.523Z] fatal: not a git repository (or any of the parent directories): .git
[2022-10-04T21:29:17.604Z] > git rev-parse --show-toplevel [10ms]
[2022-10-04T21:29:17.604Z] fatal: not a git repository (or any of the parent directories): .git
[2022-10-04T21:29:17.622Z] > git rev-parse --show-toplevel [4ms]
[2022-10-04T21:29:17.622Z] fatal: not a git repository (or any of the parent directories): .git
