[2022-10-04T13:00:24.153Z] 로그 수준: Info
[2022-10-04T13:00:24.166Z] [info] git에서 찾은 git 유효성을 검사하는 중
[2022-10-04T13:00:24.239Z] [info] git에서 git 2.37.1을(를) 사용하는 중
[2022-10-04T13:00:24.338Z] > git rev-parse --show-toplevel [63ms]
[2022-10-04T13:00:24.338Z] fatal: not a git repository (or any of the parent directories): .git
[2022-10-04T13:00:24.359Z] > git rev-parse --show-toplevel [5ms]
[2022-10-04T13:00:24.359Z] fatal: not a git repository (or any of the parent directories): .git
[2022-10-04T13:00:24.369Z] > git rev-parse --show-toplevel [3ms]
[2022-10-04T13:00:24.369Z] fatal: not a git repository (or any of the parent directories): .git
[2022-10-04T13:00:24.378Z] > git rev-parse --show-toplevel [4ms]
[2022-10-04T13:00:24.378Z] fatal: not a git repository (or any of the parent directories): .git
[2022-10-04T13:00:24.421Z] > git rev-parse --show-toplevel [35ms]
[2022-10-04T13:00:24.421Z] fatal: not a git repository (or any of the parent directories): .git
[2022-10-04T13:00:24.452Z] > git rev-parse --show-toplevel [17ms]
[2022-10-04T13:00:24.452Z] fatal: not a git repository (or any of the parent directories): .git
[2022-10-04T13:00:24.489Z] > git rev-parse --show-toplevel [22ms]
[2022-10-04T13:00:24.489Z] fatal: not a git repository (or any of the parent directories): .git
[2022-10-04T13:00:24.501Z] > git rev-parse --show-toplevel [3ms]
[2022-10-04T13:00:24.512Z] > git rev-parse --git-dir --git-common-dir [2ms]
[2022-10-04T13:00:24.530Z] [info] Open repository: /home/ec2-user/PythonContest
[2022-10-04T13:00:24.567Z] > git rev-parse --show-toplevel [12ms]
[2022-10-04T13:00:24.567Z] fatal: not a git repository (or any of the parent directories): .git
[2022-10-04T13:00:24.574Z] > git status -z -uall [24ms]
[2022-10-04T13:00:24.583Z] > git rev-parse --show-toplevel [9ms]
[2022-10-04T13:00:24.583Z] fatal: not a git repository (or any of the parent directories): .git
[2022-10-04T13:00:24.587Z] > git symbolic-ref --short HEAD [5ms]
[2022-10-04T13:00:24.595Z] > git rev-parse --show-toplevel [8ms]
[2022-10-04T13:00:24.595Z] fatal: not a git repository (or any of the parent directories): .git
[2022-10-04T13:00:24.608Z] > git rev-parse --show-toplevel [1ms]
[2022-10-04T13:00:24.608Z] fatal: not a git repository (or any of the parent directories): .git
[2022-10-04T13:00:24.614Z] > git for-each-ref --format=%(refname)%00%(upstream:short)%00%(objectname)%00%(upstream:track)%00%(upstream:remotename)%00%(upstream:remoteref) refs/heads/main refs/remotes/main [20ms]
[2022-10-04T13:00:24.628Z] > git for-each-ref --sort -committerdate --format %(refname) %(objectname) %(*objectname) [6ms]
[2022-10-04T13:00:24.633Z] > git rev-parse --show-toplevel [19ms]
[2022-10-04T13:00:24.633Z] fatal: not a git repository (or any of the parent directories): .git
[2022-10-04T13:00:24.690Z] > git remote --verbose [64ms]
[2022-10-04T13:00:24.715Z] > git rev-parse --show-toplevel [78ms]
[2022-10-04T13:00:24.715Z] fatal: not a git repository (or any of the parent directories): .git
[2022-10-04T13:00:24.722Z] > git config --get commit.template [8ms]
[2022-10-04T13:00:24.753Z] > git status -z -uall [23ms]
[2022-10-04T13:00:24.760Z] > git rev-parse --show-toplevel [38ms]
[2022-10-04T13:00:24.760Z] fatal: not a git repository (or any of the parent directories): .git
[2022-10-04T13:00:24.792Z] > git symbolic-ref --short HEAD [32ms]
[2022-10-04T13:00:24.810Z] > git for-each-ref --format=%(refname)%00%(upstream:short)%00%(objectname)%00%(upstream:track)%00%(upstream:remotename)%00%(upstream:remoteref) refs/heads/main refs/remotes/main [7ms]
[2022-10-04T13:00:24.818Z] > git for-each-ref --sort -committerdate --format %(refname) %(objectname) %(*objectname) [5ms]
[2022-10-04T13:00:24.823Z] > git remote --verbose [6ms]
[2022-10-04T13:00:24.830Z] > git config --get commit.template [2ms]
[2022-10-04T13:00:25.251Z] > git check-ignore -v -z --stdin [2ms]
[2022-10-04T13:02:34.496Z] > git rev-parse --show-toplevel [4ms]
[2022-10-04T13:02:34.496Z] fatal: not a git repository (or any of the parent directories): .git
[2022-10-04T13:03:01.371Z] > git rev-parse --show-toplevel [3ms]
[2022-10-04T13:03:01.371Z] fatal: not a git repository (or any of the parent directories): .git
[2022-10-04T13:11:50.855Z] > git rev-parse --show-toplevel [5ms]
[2022-10-04T13:11:50.855Z] fatal: not a git repository (or any of the parent directories): .git
[2022-10-04T13:28:59.572Z] > git rev-parse --show-toplevel [2ms]
[2022-10-04T13:28:59.572Z] fatal: not a git repository (or any of the parent directories): .git
[2022-10-04T13:30:56.793Z] > git rev-parse --show-toplevel [2ms]
[2022-10-04T13:30:56.793Z] fatal: not a git repository (or any of the parent directories): .git
[2022-10-04T13:30:58.272Z] > git rev-parse --show-toplevel [2ms]
[2022-10-04T13:30:58.272Z] fatal: not a git repository (or any of the parent directories): .git
[2022-10-04T13:31:16.991Z] > git rev-parse --show-toplevel [3ms]
[2022-10-04T13:31:16.991Z] fatal: not a git repository (or any of the parent directories): .git
[2022-10-04T13:31:19.257Z] > git rev-parse --show-toplevel [2ms]
[2022-10-04T13:31:19.257Z] fatal: not a git repository (or any of the parent directories): .git
[2022-10-04T13:31:20.267Z] > git rev-parse --show-toplevel [3ms]
[2022-10-04T13:31:20.267Z] fatal: not a git repository (or any of the parent directories): .git
[2022-10-04T13:31:21.597Z] > git rev-parse --show-toplevel [2ms]
[2022-10-04T13:31:21.597Z] fatal: not a git repository (or any of the parent directories): .git
[2022-10-04T13:31:22.435Z] > git rev-parse --show-toplevel [2ms]
[2022-10-04T13:31:22.435Z] fatal: not a git repository (or any of the parent directories): .git
[2022-10-04T13:31:24.127Z] > git rev-parse --show-toplevel [3ms]
[2022-10-04T13:31:24.127Z] fatal: not a git repository (or any of the parent directories): .git
[2022-10-04T13:31:25.289Z] > git rev-parse --show-toplevel [2ms]
[2022-10-04T13:31:25.289Z] fatal: not a git repository (or any of the parent directories): .git
[2022-10-04T13:31:26.122Z] > git rev-parse --show-toplevel [2ms]
[2022-10-04T13:31:26.122Z] fatal: not a git repository (or any of the parent directories): .git
[2022-10-04T13:31:31.628Z] > git rev-parse --show-toplevel [3ms]
[2022-10-04T13:31:31.628Z] fatal: not a git repository (or any of the parent directories): .git
[2022-10-04T13:31:33.834Z] > git rev-parse --show-toplevel [2ms]
[2022-10-04T13:31:33.834Z] fatal: not a git repository (or any of the parent directories): .git
[2022-10-04T13:31:38.769Z] > git rev-parse --show-toplevel [45ms]
[2022-10-04T13:31:38.769Z] fatal: not a git repository (or any of the parent directories): .git
[2022-10-04T13:33:50.561Z] > git rev-parse --show-toplevel [13ms]
[2022-10-04T13:33:50.561Z] fatal: not a git repository (or any of the parent directories): .git
[2022-10-04T13:33:57.249Z] > git rev-parse --show-toplevel [5ms]
[2022-10-04T13:33:57.249Z] fatal: not a git repository (or any of the parent directories): .git
[2022-10-04T13:46:20.507Z] > git rev-parse --show-toplevel [10ms]
[2022-10-04T13:46:20.507Z] fatal: not a git repository (or any of the parent directories): .git
[2022-10-04T13:46:48.102Z] > git rev-parse --show-toplevel [8ms]
[2022-10-04T13:46:48.102Z] fatal: not a git repository (or any of the parent directories): .git
