[2022-09-30T13:01:25.998Z] 로그 수준: Info
[2022-09-30T13:01:26.008Z] [info] git에서 찾은 git 유효성을 검사하는 중
[2022-09-30T13:01:26.050Z] [info] git에서 git 2.37.1을(를) 사용하는 중
[2022-09-30T13:01:26.105Z] > git rev-parse --show-toplevel [38ms]
[2022-09-30T13:01:26.105Z] fatal: not a git repository (or any of the parent directories): .git
[2022-09-30T13:01:26.117Z] > git rev-parse --show-toplevel [4ms]
[2022-09-30T13:01:26.117Z] fatal: not a git repository (or any of the parent directories): .git
[2022-09-30T13:01:26.122Z] > git rev-parse --show-toplevel [2ms]
[2022-09-30T13:01:26.122Z] fatal: not a git repository (or any of the parent directories): .git
[2022-09-30T13:01:26.127Z] > git rev-parse --show-toplevel [2ms]
[2022-09-30T13:01:26.127Z] fatal: not a git repository (or any of the parent directories): .git
[2022-09-30T13:01:26.131Z] > git rev-parse --show-toplevel [2ms]
[2022-09-30T13:01:26.131Z] fatal: not a git repository (or any of the parent directories): .git
[2022-09-30T13:01:26.135Z] > git rev-parse --show-toplevel [1ms]
[2022-09-30T13:01:26.135Z] fatal: not a git repository (or any of the parent directories): .git
[2022-09-30T13:01:26.139Z] > git rev-parse --show-toplevel [1ms]
[2022-09-30T13:01:26.139Z] fatal: not a git repository (or any of the parent directories): .git
[2022-09-30T13:01:26.145Z] > git rev-parse --show-toplevel [3ms]
[2022-09-30T13:01:26.150Z] > git rev-parse --git-dir --git-common-dir [2ms]
[2022-09-30T13:01:26.160Z] [info] Open repository: /home/ec2-user/PythonContest
[2022-09-30T13:01:26.181Z] > git rev-parse --show-toplevel [8ms]
[2022-09-30T13:01:26.181Z] fatal: not a git repository (or any of the parent directories): .git
[2022-09-30T13:01:26.193Z] > git rev-parse --show-toplevel [5ms]
[2022-09-30T13:01:26.193Z] fatal: not a git repository (or any of the parent directories): .git
[2022-09-30T13:01:26.202Z] > git status -z -uall [33ms]
[2022-09-30T13:01:26.209Z] > git rev-parse --show-toplevel [7ms]
[2022-09-30T13:01:26.209Z] fatal: not a git repository (or any of the parent directories): .git
[2022-09-30T13:01:26.217Z] > git symbolic-ref --short HEAD [9ms]
[2022-09-30T13:01:26.221Z] > git rev-parse --show-toplevel [5ms]
[2022-09-30T13:01:26.221Z] fatal: not a git repository (or any of the parent directories): .git
[2022-09-30T13:01:26.226Z] > git for-each-ref --format=%(refname)%00%(upstream:short)%00%(objectname)%00%(upstream:track)%00%(upstream:remotename)%00%(upstream:remoteref) refs/heads/main refs/remotes/main [5ms]
[2022-09-30T13:01:26.235Z] > git for-each-ref --sort -committerdate --format %(refname) %(objectname) %(*objectname) [5ms]
[2022-09-30T13:01:26.235Z] > git rev-parse --show-toplevel [10ms]
[2022-09-30T13:01:26.235Z] fatal: not a git repository (or any of the parent directories): .git
[2022-09-30T13:01:26.239Z] > git remote --verbose [6ms]
[2022-09-30T13:01:26.253Z] > git rev-parse --show-toplevel [14ms]
[2022-09-30T13:01:26.253Z] fatal: not a git repository (or any of the parent directories): .git
[2022-09-30T13:01:26.261Z] > git config --get commit.template [9ms]
[2022-09-30T13:01:26.265Z] > git rev-parse --show-toplevel [9ms]
[2022-09-30T13:01:26.265Z] fatal: not a git repository (or any of the parent directories): .git
[2022-09-30T13:01:26.277Z] > git status -z -uall [12ms]
[2022-09-30T13:01:26.282Z] > git symbolic-ref --short HEAD [2ms]
[2022-09-30T13:01:26.286Z] > git for-each-ref --format=%(refname)%00%(upstream:short)%00%(objectname)%00%(upstream:track)%00%(upstream:remotename)%00%(upstream:remoteref) refs/heads/main refs/remotes/main [2ms]
[2022-09-30T13:01:26.300Z] > git for-each-ref --sort -committerdate --format %(refname) %(objectname) %(*objectname) [6ms]
[2022-09-30T13:01:26.305Z] > git remote --verbose [6ms]
[2022-09-30T13:01:26.410Z] > git config --get commit.template [92ms]
[2022-09-30T13:01:26.976Z] > git check-ignore -v -z --stdin [4ms]
[2022-09-30T13:01:27.345Z] > git rev-parse --show-toplevel [24ms]
[2022-09-30T13:01:27.345Z] fatal: not a git repository (or any of the parent directories): .git
[2022-09-30T13:01:27.351Z] > git rev-parse --show-toplevel [2ms]
[2022-09-30T13:01:27.351Z] fatal: not a git repository (or any of the parent directories): .git
[2022-09-30T13:01:27.355Z] > git rev-parse --show-toplevel [2ms]
[2022-09-30T13:01:27.355Z] fatal: not a git repository (or any of the parent directories): .git
[2022-09-30T13:01:30.094Z] > git rev-parse --show-toplevel [3ms]
[2022-09-30T13:01:30.094Z] fatal: not a git repository (or any of the parent directories): .git
[2022-09-30T13:01:30.848Z] > git rev-parse --show-toplevel [4ms]
[2022-09-30T13:01:30.848Z] fatal: not a git repository (or any of the parent directories): .git
[2022-09-30T13:01:32.354Z] > git rev-parse --show-toplevel [10ms]
[2022-09-30T13:01:32.354Z] fatal: not a git repository (or any of the parent directories): .git
[2022-09-30T13:01:37.638Z] > git rev-parse --show-toplevel [11ms]
[2022-09-30T13:01:37.638Z] fatal: not a git repository (or any of the parent directories): .git
[2022-09-30T13:02:20.240Z] > git rev-parse --show-toplevel [2ms]
[2022-09-30T13:02:20.240Z] fatal: not a git repository (or any of the parent directories): .git
[2022-09-30T13:02:23.533Z] > git rev-parse --show-toplevel [2ms]
[2022-09-30T13:02:23.533Z] fatal: not a git repository (or any of the parent directories): .git
[2022-09-30T13:02:41.997Z] > git rev-parse --show-toplevel [9ms]
[2022-09-30T13:02:41.997Z] fatal: not a git repository (or any of the parent directories): .git
[2022-09-30T13:03:01.488Z] > git rev-parse --show-toplevel [2ms]
[2022-09-30T13:03:01.488Z] fatal: not a git repository (or any of the parent directories): .git
[2022-09-30T13:03:47.068Z] > git rev-parse --show-toplevel [2ms]
[2022-09-30T13:03:47.068Z] fatal: not a git repository (or any of the parent directories): .git
[2022-09-30T13:04:00.811Z] > git rev-parse --show-toplevel [2ms]
[2022-09-30T13:04:00.811Z] fatal: not a git repository (or any of the parent directories): .git
[2022-09-30T13:04:51.175Z] > git rev-parse --show-toplevel [9ms]
[2022-09-30T13:04:51.175Z] fatal: not a git repository (or any of the parent directories): .git
[2022-09-30T13:06:32.605Z] > git rev-parse --show-toplevel [9ms]
[2022-09-30T13:06:32.605Z] fatal: not a git repository (or any of the parent directories): .git
[2022-09-30T13:06:34.301Z] > git rev-parse --show-toplevel [6ms]
[2022-09-30T13:06:34.301Z] fatal: not a git repository (or any of the parent directories): .git
[2022-09-30T13:06:35.267Z] > git rev-parse --show-toplevel [9ms]
[2022-09-30T13:06:35.267Z] fatal: not a git repository (or any of the parent directories): .git
[2022-09-30T13:06:38.241Z] > git rev-parse --show-toplevel [13ms]
[2022-09-30T13:06:38.241Z] fatal: not a git repository (or any of the parent directories): .git
[2022-09-30T13:06:42.829Z] > git rev-parse --show-toplevel [11ms]
[2022-09-30T13:06:42.829Z] fatal: not a git repository (or any of the parent directories): .git
[2022-09-30T13:07:35.427Z] > git rev-parse --show-toplevel [2ms]
[2022-09-30T13:07:35.427Z] fatal: not a git repository (or any of the parent directories): .git
[2022-09-30T13:07:41.762Z] > git rev-parse --show-toplevel [2ms]
[2022-09-30T13:07:41.762Z] fatal: not a git repository (or any of the parent directories): .git
[2022-09-30T13:07:47.222Z] > git rev-parse --show-toplevel [2ms]
[2022-09-30T13:07:47.222Z] fatal: not a git repository (or any of the parent directories): .git
[2022-09-30T13:07:53.043Z] > git rev-parse --show-toplevel [5ms]
[2022-09-30T13:07:53.043Z] fatal: not a git repository (or any of the parent directories): .git
[2022-09-30T13:07:59.731Z] > git rev-parse --show-toplevel [2ms]
[2022-09-30T13:07:59.731Z] fatal: not a git repository (or any of the parent directories): .git
[2022-09-30T13:08:07.755Z] > git rev-parse --show-toplevel [2ms]
[2022-09-30T13:08:07.755Z] fatal: not a git repository (or any of the parent directories): .git
[2022-09-30T13:08:14.453Z] > git rev-parse --show-toplevel [2ms]
[2022-09-30T13:08:14.453Z] fatal: not a git repository (or any of the parent directories): .git
[2022-09-30T13:08:39.972Z] > git rev-parse --show-toplevel [3ms]
[2022-09-30T13:08:39.972Z] fatal: not a git repository (or any of the parent directories): .git
[2022-09-30T13:08:40.483Z] > git rev-parse --show-toplevel [2ms]
[2022-09-30T13:08:40.483Z] fatal: not a git repository (or any of the parent directories): .git
[2022-09-30T13:08:47.695Z] > git rev-parse --show-toplevel [2ms]
[2022-09-30T13:08:47.695Z] fatal: not a git repository (or any of the parent directories): .git
[2022-09-30T13:12:11.122Z] > git rev-parse --show-toplevel [7ms]
[2022-09-30T13:12:11.122Z] fatal: not a git repository (or any of the parent directories): .git
[2022-09-30T13:12:12.247Z] > git rev-parse --show-toplevel [4ms]
[2022-09-30T13:12:12.247Z] fatal: not a git repository (or any of the parent directories): .git
[2022-09-30T13:12:32.477Z] > git rev-parse --show-toplevel [2ms]
[2022-09-30T13:12:32.477Z] fatal: not a git repository (or any of the parent directories): .git
[2022-09-30T13:13:43.310Z] > git rev-parse --show-toplevel [2ms]
[2022-09-30T13:13:43.310Z] fatal: not a git repository (or any of the parent directories): .git
[2022-09-30T13:13:52.692Z] > git rev-parse --show-toplevel [3ms]
[2022-09-30T13:13:52.692Z] fatal: not a git repository (or any of the parent directories): .git
[2022-09-30T13:13:59.486Z] > git rev-parse --show-toplevel [2ms]
[2022-09-30T13:13:59.486Z] fatal: not a git repository (or any of the parent directories): .git
[2022-09-30T13:14:01.472Z] > git rev-parse --show-toplevel [3ms]
[2022-09-30T13:14:01.472Z] fatal: not a git repository (or any of the parent directories): .git
[2022-09-30T13:15:05.233Z] > git rev-parse --show-toplevel [13ms]
[2022-09-30T13:15:05.233Z] fatal: not a git repository (or any of the parent directories): .git
[2022-09-30T13:15:09.008Z] > git rev-parse --show-toplevel [2ms]
[2022-09-30T13:15:09.008Z] fatal: not a git repository (or any of the parent directories): .git
[2022-09-30T13:15:09.769Z] > git rev-parse --show-toplevel [2ms]
[2022-09-30T13:15:09.769Z] fatal: not a git repository (or any of the parent directories): .git
[2022-09-30T13:15:10.527Z] > git rev-parse --show-toplevel [4ms]
[2022-09-30T13:15:10.527Z] fatal: not a git repository (or any of the parent directories): .git
[2022-09-30T13:17:55.465Z] > git rev-parse --show-toplevel [2ms]
[2022-09-30T13:17:55.465Z] fatal: not a git repository (or any of the parent directories): .git
[2022-09-30T13:18:41.264Z] > git rev-parse --show-toplevel [10ms]
[2022-09-30T13:18:41.264Z] fatal: not a git repository (or any of the parent directories): .git
[2022-09-30T13:18:43.050Z] > git rev-parse --show-toplevel [4ms]
[2022-09-30T13:18:43.050Z] fatal: not a git repository (or any of the parent directories): .git
[2022-09-30T13:20:33.197Z] > git rev-parse --show-toplevel [8ms]
[2022-09-30T13:20:33.197Z] fatal: not a git repository (or any of the parent directories): .git
[2022-09-30T13:20:34.355Z] > git rev-parse --show-toplevel [4ms]
[2022-09-30T13:20:34.355Z] fatal: not a git repository (or any of the parent directories): .git
[2022-09-30T13:20:36.424Z] > git rev-parse --show-toplevel [5ms]
[2022-09-30T13:20:36.424Z] fatal: not a git repository (or any of the parent directories): .git
[2022-09-30T13:20:37.814Z] > git rev-parse --show-toplevel [14ms]
[2022-09-30T13:20:37.814Z] fatal: not a git repository (or any of the parent directories): .git
[2022-09-30T13:20:41.729Z] > git rev-parse --show-toplevel [3ms]
[2022-09-30T13:20:41.729Z] fatal: not a git repository (or any of the parent directories): .git
[2022-09-30T13:20:44.811Z] > git rev-parse --show-toplevel [2ms]
[2022-09-30T13:20:44.811Z] fatal: not a git repository (or any of the parent directories): .git
[2022-09-30T13:20:46.606Z] > git rev-parse --show-toplevel [2ms]
[2022-09-30T13:20:46.606Z] fatal: not a git repository (or any of the parent directories): .git
[2022-09-30T13:20:52.408Z] > git rev-parse --show-toplevel [2ms]
[2022-09-30T13:20:52.408Z] fatal: not a git repository (or any of the parent directories): .git
[2022-09-30T13:20:53.762Z] > git rev-parse --show-toplevel [2ms]
[2022-09-30T13:20:53.762Z] fatal: not a git repository (or any of the parent directories): .git
[2022-09-30T13:20:58.339Z] > git rev-parse --show-toplevel [2ms]
[2022-09-30T13:20:58.339Z] fatal: not a git repository (or any of the parent directories): .git
[2022-09-30T13:21:22.386Z] > git rev-parse --show-toplevel [2ms]
[2022-09-30T13:21:22.386Z] fatal: not a git repository (or any of the parent directories): .git
[2022-09-30T13:21:24.873Z] > git rev-parse --show-toplevel [4ms]
[2022-09-30T13:21:24.873Z] fatal: not a git repository (or any of the parent directories): .git
[2022-09-30T13:21:35.960Z] > git rev-parse --show-toplevel [3ms]
[2022-09-30T13:21:35.960Z] fatal: not a git repository (or any of the parent directories): .git
[2022-09-30T13:21:43.160Z] > git rev-parse --show-toplevel [2ms]
[2022-09-30T13:21:43.160Z] fatal: not a git repository (or any of the parent directories): .git
[2022-09-30T13:21:50.656Z] > git rev-parse --show-toplevel [3ms]
[2022-09-30T13:21:50.656Z] fatal: not a git repository (or any of the parent directories): .git
[2022-09-30T13:23:07.049Z] > git rev-parse --show-toplevel [3ms]
[2022-09-30T13:23:07.049Z] fatal: not a git repository (or any of the parent directories): .git
[2022-09-30T13:23:08.689Z] > git rev-parse --show-toplevel [2ms]
[2022-09-30T13:23:08.689Z] fatal: not a git repository (or any of the parent directories): .git
[2022-09-30T13:23:10.570Z] > git rev-parse --show-toplevel [5ms]
[2022-09-30T13:23:10.570Z] fatal: not a git repository (or any of the parent directories): .git
[2022-09-30T13:23:26.406Z] > git rev-parse --show-toplevel [3ms]
[2022-09-30T13:23:26.406Z] fatal: not a git repository (or any of the parent directories): .git
[2022-09-30T13:23:29.427Z] > git rev-parse --show-toplevel [3ms]
[2022-09-30T13:23:29.427Z] fatal: not a git repository (or any of the parent directories): .git
[2022-09-30T13:23:32.040Z] > git rev-parse --show-toplevel [5ms]
[2022-09-30T13:23:32.040Z] fatal: not a git repository (or any of the parent directories): .git
[2022-09-30T13:23:32.885Z] > git rev-parse --show-toplevel [2ms]
[2022-09-30T13:23:32.885Z] fatal: not a git repository (or any of the parent directories): .git
[2022-09-30T13:23:38.404Z] > git rev-parse --show-toplevel [3ms]
[2022-09-30T13:23:38.404Z] fatal: not a git repository (or any of the parent directories): .git
[2022-09-30T13:24:01.887Z] > git rev-parse --show-toplevel [2ms]
[2022-09-30T13:24:01.887Z] fatal: not a git repository (or any of the parent directories): .git
[2022-09-30T13:25:54.226Z] > git rev-parse --show-toplevel [2ms]
[2022-09-30T13:25:54.226Z] fatal: not a git repository (or any of the parent directories): .git
[2022-09-30T13:27:20.935Z] > git rev-parse --show-toplevel [7ms]
[2022-09-30T13:27:20.935Z] fatal: not a git repository (or any of the parent directories): .git
[2022-09-30T13:27:22.636Z] > git rev-parse --show-toplevel [6ms]
[2022-09-30T13:27:22.636Z] fatal: not a git repository (or any of the parent directories): .git
[2022-09-30T13:27:23.671Z] > git rev-parse --show-toplevel [2ms]
[2022-09-30T13:27:23.671Z] fatal: not a git repository (or any of the parent directories): .git
[2022-09-30T13:27:26.194Z] > git rev-parse --show-toplevel [2ms]
[2022-09-30T13:27:26.194Z] fatal: not a git repository (or any of the parent directories): .git
[2022-09-30T13:27:27.956Z] > git rev-parse --show-toplevel [2ms]
[2022-09-30T13:27:27.956Z] fatal: not a git repository (or any of the parent directories): .git
[2022-09-30T13:27:30.444Z] > git rev-parse --show-toplevel [2ms]
[2022-09-30T13:27:30.444Z] fatal: not a git repository (or any of the parent directories): .git
[2022-09-30T13:27:32.581Z] > git rev-parse --show-toplevel [8ms]
[2022-09-30T13:27:32.581Z] fatal: not a git repository (or any of the parent directories): .git
[2022-09-30T13:27:33.528Z] > git rev-parse --show-toplevel [3ms]
[2022-09-30T13:27:33.528Z] fatal: not a git repository (or any of the parent directories): .git
[2022-09-30T13:27:34.225Z] > git rev-parse --show-toplevel [3ms]
[2022-09-30T13:27:34.225Z] fatal: not a git repository (or any of the parent directories): .git
[2022-09-30T13:27:35.811Z] > git rev-parse --show-toplevel [4ms]
[2022-09-30T13:27:35.811Z] fatal: not a git repository (or any of the parent directories): .git
[2022-09-30T13:27:36.940Z] > git rev-parse --show-toplevel [6ms]
[2022-09-30T13:27:36.940Z] fatal: not a git repository (or any of the parent directories): .git
[2022-09-30T13:27:37.637Z] > git rev-parse --show-toplevel [2ms]
[2022-09-30T13:27:37.637Z] fatal: not a git repository (or any of the parent directories): .git
[2022-09-30T13:27:39.825Z] > git rev-parse --show-toplevel [3ms]
[2022-09-30T13:27:39.825Z] fatal: not a git repository (or any of the parent directories): .git
[2022-09-30T13:28:13.392Z] > git rev-parse --show-toplevel [5ms]
[2022-09-30T13:28:13.392Z] fatal: not a git repository (or any of the parent directories): .git
[2022-09-30T13:28:14.236Z] > git rev-parse --show-toplevel [10ms]
[2022-09-30T13:28:14.236Z] fatal: not a git repository (or any of the parent directories): .git
[2022-09-30T13:28:15.274Z] > git rev-parse --show-toplevel [4ms]
[2022-09-30T13:28:15.274Z] fatal: not a git repository (or any of the parent directories): .git
[2022-09-30T13:28:50.192Z] > git rev-parse --show-toplevel [2ms]
[2022-09-30T13:28:50.192Z] fatal: not a git repository (or any of the parent directories): .git
[2022-09-30T13:28:51.254Z] > git rev-parse --show-toplevel [2ms]
[2022-09-30T13:28:51.254Z] fatal: not a git repository (or any of the parent directories): .git
[2022-09-30T13:28:54.388Z] > git rev-parse --show-toplevel [2ms]
[2022-09-30T13:28:54.388Z] fatal: not a git repository (or any of the parent directories): .git
[2022-09-30T13:28:57.061Z] > git rev-parse --show-toplevel [2ms]
[2022-09-30T13:28:57.061Z] fatal: not a git repository (or any of the parent directories): .git
[2022-09-30T13:29:01.500Z] > git rev-parse --show-toplevel [6ms]
[2022-09-30T13:29:01.500Z] fatal: not a git repository (or any of the parent directories): .git
[2022-09-30T13:29:04.649Z] > git rev-parse --show-toplevel [2ms]
[2022-09-30T13:29:04.649Z] fatal: not a git repository (or any of the parent directories): .git
[2022-09-30T13:29:09.782Z] > git rev-parse --show-toplevel [3ms]
[2022-09-30T13:29:09.782Z] fatal: not a git repository (or any of the parent directories): .git
[2022-09-30T13:29:12.889Z] > git rev-parse --show-toplevel [2ms]
[2022-09-30T13:29:12.889Z] fatal: not a git repository (or any of the parent directories): .git
[2022-09-30T13:29:20.959Z] > git rev-parse --show-toplevel [4ms]
[2022-09-30T13:29:20.959Z] fatal: not a git repository (or any of the parent directories): .git
[2022-09-30T13:29:22.275Z] > git rev-parse --show-toplevel [3ms]
[2022-09-30T13:29:22.275Z] fatal: not a git repository (or any of the parent directories): .git
[2022-09-30T13:29:23.628Z] > git rev-parse --show-toplevel [5ms]
[2022-09-30T13:29:23.628Z] fatal: not a git repository (or any of the parent directories): .git
[2022-09-30T13:30:10.449Z] > git rev-parse --show-toplevel [2ms]
[2022-09-30T13:30:10.449Z] fatal: not a git repository (or any of the parent directories): .git
[2022-09-30T13:30:17.045Z] > git rev-parse --show-toplevel [3ms]
[2022-09-30T13:30:17.045Z] fatal: not a git repository (or any of the parent directories): .git
[2022-09-30T13:30:18.886Z] > git rev-parse --show-toplevel [4ms]
[2022-09-30T13:30:18.886Z] fatal: not a git repository (or any of the parent directories): .git
[2022-09-30T13:30:22.157Z] > git rev-parse --show-toplevel [3ms]
[2022-09-30T13:30:22.157Z] fatal: not a git repository (or any of the parent directories): .git
[2022-09-30T13:34:36.575Z] > git rev-parse --show-toplevel [8ms]
[2022-09-30T13:34:36.575Z] fatal: not a git repository (or any of the parent directories): .git
[2022-09-30T13:34:44.349Z] > git rev-parse --show-toplevel [5ms]
[2022-09-30T13:34:44.349Z] fatal: not a git repository (or any of the parent directories): .git
[2022-09-30T13:34:45.682Z] > git rev-parse --show-toplevel [6ms]
[2022-09-30T13:34:45.682Z] fatal: not a git repository (or any of the parent directories): .git
[2022-09-30T13:34:47.346Z] > git rev-parse --show-toplevel [5ms]
[2022-09-30T13:34:47.346Z] fatal: not a git repository (or any of the parent directories): .git
[2022-09-30T13:34:47.914Z] > git rev-parse --show-toplevel [1ms]
[2022-09-30T13:34:47.914Z] fatal: not a git repository (or any of the parent directories): .git
[2022-09-30T13:34:48.969Z] > git rev-parse --show-toplevel [2ms]
[2022-09-30T13:34:48.969Z] fatal: not a git repository (or any of the parent directories): .git
[2022-09-30T13:34:51.151Z] > git rev-parse --show-toplevel [3ms]
[2022-09-30T13:34:51.151Z] fatal: not a git repository (or any of the parent directories): .git
[2022-09-30T13:37:01.942Z] > git rev-parse --show-toplevel [3ms]
[2022-09-30T13:37:01.942Z] fatal: not a git repository (or any of the parent directories): .git
[2022-09-30T13:37:14.421Z] > git rev-parse --show-toplevel [2ms]
[2022-09-30T13:37:14.421Z] fatal: not a git repository (or any of the parent directories): .git
[2022-09-30T13:37:17.591Z] > git rev-parse --show-toplevel [2ms]
[2022-09-30T13:37:17.591Z] fatal: not a git repository (or any of the parent directories): .git
[2022-09-30T13:37:18.879Z] > git rev-parse --show-toplevel [3ms]
[2022-09-30T13:37:18.879Z] fatal: not a git repository (or any of the parent directories): .git
[2022-09-30T13:37:21.610Z] > git rev-parse --show-toplevel [2ms]
[2022-09-30T13:37:21.610Z] fatal: not a git repository (or any of the parent directories): .git
[2022-09-30T13:37:22.408Z] > git rev-parse --show-toplevel [3ms]
[2022-09-30T13:37:22.408Z] fatal: not a git repository (or any of the parent directories): .git
[2022-09-30T13:37:28.973Z] > git rev-parse --show-toplevel [2ms]
[2022-09-30T13:37:28.973Z] fatal: not a git repository (or any of the parent directories): .git
[2022-09-30T13:37:30.755Z] > git rev-parse --show-toplevel [3ms]
[2022-09-30T13:37:30.755Z] fatal: not a git repository (or any of the parent directories): .git
[2022-09-30T13:37:38.526Z] > git rev-parse --show-toplevel [8ms]
[2022-09-30T13:37:38.526Z] fatal: not a git repository (or any of the parent directories): .git
[2022-09-30T13:38:52.463Z] > git rev-parse --show-toplevel [2ms]
[2022-09-30T13:38:52.463Z] fatal: not a git repository (or any of the parent directories): .git
[2022-09-30T13:40:09.855Z] > git rev-parse --show-toplevel [6ms]
[2022-09-30T13:40:09.855Z] fatal: not a git repository (or any of the parent directories): .git
[2022-09-30T13:41:21.111Z] > git rev-parse --show-toplevel [2ms]
[2022-09-30T13:41:21.111Z] fatal: not a git repository (or any of the parent directories): .git
[2022-09-30T13:44:45.572Z] > git rev-parse --show-toplevel [4ms]
[2022-09-30T13:44:45.572Z] fatal: not a git repository (or any of the parent directories): .git
[2022-09-30T13:46:10.446Z] > git rev-parse --show-toplevel [2ms]
[2022-09-30T13:46:10.446Z] fatal: not a git repository (or any of the parent directories): .git
[2022-09-30T13:51:10.011Z] > git rev-parse --show-toplevel [7ms]
[2022-09-30T13:51:10.011Z] fatal: not a git repository (or any of the parent directories): .git
[2022-09-30T13:51:12.040Z] > git rev-parse --show-toplevel [5ms]
[2022-09-30T13:51:12.040Z] fatal: not a git repository (or any of the parent directories): .git
[2022-09-30T13:51:33.683Z] > git rev-parse --show-toplevel [2ms]
[2022-09-30T13:51:33.683Z] fatal: not a git repository (or any of the parent directories): .git
[2022-09-30T13:52:19.430Z] > git rev-parse --show-toplevel [6ms]
[2022-09-30T13:52:19.430Z] fatal: not a git repository (or any of the parent directories): .git
[2022-09-30T13:52:25.307Z] > git rev-parse --show-toplevel [6ms]
[2022-09-30T13:52:25.307Z] fatal: not a git repository (or any of the parent directories): .git
[2022-09-30T13:52:32.143Z] > git rev-parse --show-toplevel [4ms]
[2022-09-30T13:52:32.143Z] fatal: not a git repository (or any of the parent directories): .git
