[2022-10-01T10:03:41.882Z] 로그 수준: Info
[2022-10-01T10:03:41.921Z] [info] git에서 찾은 git 유효성을 검사하는 중
[2022-10-01T10:03:42.036Z] [info] git에서 git 2.37.1을(를) 사용하는 중
[2022-10-01T10:03:42.248Z] > git rev-parse --show-toplevel [125ms]
[2022-10-01T10:03:42.248Z] fatal: not a git repository (or any of the parent directories): .git
[2022-10-01T10:03:42.281Z] > git rev-parse --show-toplevel [4ms]
[2022-10-01T10:03:42.281Z] fatal: not a git repository (or any of the parent directories): .git
[2022-10-01T10:03:42.306Z] > git rev-parse --show-toplevel [16ms]
[2022-10-01T10:03:42.306Z] fatal: not a git repository (or any of the parent directories): .git
[2022-10-01T10:03:42.383Z] > git rev-parse --show-toplevel [52ms]
[2022-10-01T10:03:42.383Z] fatal: not a git repository (or any of the parent directories): .git
[2022-10-01T10:03:42.397Z] > git rev-parse --show-toplevel [4ms]
[2022-10-01T10:03:42.397Z] fatal: not a git repository (or any of the parent directories): .git
[2022-10-01T10:03:42.408Z] > git rev-parse --show-toplevel [2ms]
[2022-10-01T10:03:42.408Z] fatal: not a git repository (or any of the parent directories): .git
[2022-10-01T10:03:42.417Z] > git rev-parse --show-toplevel [3ms]
[2022-10-01T10:03:42.417Z] fatal: not a git repository (or any of the parent directories): .git
[2022-10-01T10:03:42.427Z] > git rev-parse --show-toplevel [5ms]
[2022-10-01T10:03:42.437Z] > git rev-parse --git-dir --git-common-dir [3ms]
[2022-10-01T10:03:42.461Z] [info] Open repository: /home/ec2-user/PythonContest
[2022-10-01T10:03:42.550Z] > git status -z -uall [67ms]
[2022-10-01T10:03:42.563Z] > git rev-parse --show-toplevel [70ms]
[2022-10-01T10:03:42.563Z] fatal: not a git repository (or any of the parent directories): .git
[2022-10-01T10:03:42.574Z] > git symbolic-ref --short HEAD [12ms]
[2022-10-01T10:03:42.597Z] > git for-each-ref --format=%(refname)%00%(upstream:short)%00%(objectname)%00%(upstream:track)%00%(upstream:remotename)%00%(upstream:remoteref) refs/heads/main refs/remotes/main [17ms]
[2022-10-01T10:03:42.611Z] > git rev-parse --show-toplevel [40ms]
[2022-10-01T10:03:42.611Z] fatal: not a git repository (or any of the parent directories): .git
[2022-10-01T10:03:42.619Z] > git remote --verbose [9ms]
[2022-10-01T10:03:42.620Z] > git for-each-ref --sort -committerdate --format %(refname) %(objectname) %(*objectname) [18ms]
[2022-10-01T10:03:42.648Z] > git rev-parse --show-toplevel [30ms]
[2022-10-01T10:03:42.648Z] fatal: not a git repository (or any of the parent directories): .git
[2022-10-01T10:03:42.654Z] > git config --get commit.template [7ms]
[2022-10-01T10:03:42.670Z] > git rev-parse --show-toplevel [16ms]
[2022-10-01T10:03:42.670Z] fatal: not a git repository (or any of the parent directories): .git
[2022-10-01T10:03:42.687Z] > git rev-parse --show-toplevel [8ms]
[2022-10-01T10:03:42.687Z] fatal: not a git repository (or any of the parent directories): .git
[2022-10-01T10:03:42.694Z] > git status -z -uall [25ms]
[2022-10-01T10:03:42.700Z] > git rev-parse --show-toplevel [6ms]
[2022-10-01T10:03:42.700Z] fatal: not a git repository (or any of the parent directories): .git
[2022-10-01T10:03:42.712Z] > git symbolic-ref --short HEAD [12ms]
[2022-10-01T10:03:42.718Z] > git rev-parse --show-toplevel [7ms]
[2022-10-01T10:03:42.718Z] fatal: not a git repository (or any of the parent directories): .git
[2022-10-01T10:03:42.733Z] > git for-each-ref --format=%(refname)%00%(upstream:short)%00%(objectname)%00%(upstream:track)%00%(upstream:remotename)%00%(upstream:remoteref) refs/heads/main refs/remotes/main [15ms]
[2022-10-01T10:03:42.747Z] > git for-each-ref --sort -committerdate --format %(refname) %(objectname) %(*objectname) [9ms]
[2022-10-01T10:03:42.750Z] > git remote --verbose [4ms]
[2022-10-01T10:03:42.769Z] > git config --get commit.template [6ms]
[2022-10-01T10:03:43.110Z] > git check-ignore -v -z --stdin [10ms]
[2022-10-01T10:03:43.296Z] > git rev-parse --show-toplevel [11ms]
[2022-10-01T10:03:43.296Z] fatal: not a git repository (or any of the parent directories): .git
[2022-10-01T10:03:43.361Z] > git rev-parse --show-toplevel [10ms]
[2022-10-01T10:03:43.361Z] fatal: not a git repository (or any of the parent directories): .git
[2022-10-01T10:03:49.579Z] > git rev-parse --show-toplevel [2ms]
[2022-10-01T10:03:49.579Z] fatal: not a git repository (or any of the parent directories): .git
[2022-10-01T10:14:43.295Z] > git rev-parse --show-toplevel [2ms]
[2022-10-01T10:14:43.295Z] fatal: not a git repository (or any of the parent directories): .git
[2022-10-01T10:14:44.560Z] > git rev-parse --show-toplevel [18ms]
[2022-10-01T10:14:44.560Z] fatal: not a git repository (or any of the parent directories): .git
[2022-10-01T10:24:31.571Z] > git rev-parse --show-toplevel [2ms]
[2022-10-01T10:24:31.571Z] fatal: not a git repository (or any of the parent directories): .git
[2022-10-01T10:24:33.971Z] > git rev-parse --show-toplevel [2ms]
[2022-10-01T10:24:33.971Z] fatal: not a git repository (or any of the parent directories): .git
[2022-10-01T10:24:53.117Z] > git rev-parse --show-toplevel [3ms]
[2022-10-01T10:24:53.117Z] fatal: not a git repository (or any of the parent directories): .git
[2022-10-01T10:24:56.459Z] > git rev-parse --show-toplevel [3ms]
[2022-10-01T10:24:56.459Z] fatal: not a git repository (or any of the parent directories): .git
[2022-10-01T10:24:58.055Z] > git rev-parse --show-toplevel [4ms]
[2022-10-01T10:24:58.055Z] fatal: not a git repository (or any of the parent directories): .git
[2022-10-01T10:25:10.707Z] > git rev-parse --show-toplevel [2ms]
[2022-10-01T10:25:10.707Z] fatal: not a git repository (or any of the parent directories): .git
[2022-10-01T10:25:13.356Z] > git rev-parse --show-toplevel [7ms]
[2022-10-01T10:25:13.356Z] fatal: not a git repository (or any of the parent directories): .git
[2022-10-01T10:25:14.459Z] > git rev-parse --show-toplevel [3ms]
[2022-10-01T10:25:14.459Z] fatal: not a git repository (or any of the parent directories): .git
[2022-10-01T10:25:31.215Z] > git rev-parse --show-toplevel [3ms]
[2022-10-01T10:25:31.215Z] fatal: not a git repository (or any of the parent directories): .git
[2022-10-01T10:25:35.197Z] > git rev-parse --show-toplevel [3ms]
[2022-10-01T10:25:35.197Z] fatal: not a git repository (or any of the parent directories): .git
[2022-10-01T10:25:36.340Z] > git rev-parse --show-toplevel [2ms]
[2022-10-01T10:25:36.340Z] fatal: not a git repository (or any of the parent directories): .git
[2022-10-01T10:25:36.969Z] > git rev-parse --show-toplevel [8ms]
[2022-10-01T10:25:36.969Z] fatal: not a git repository (or any of the parent directories): .git
[2022-10-01T10:25:39.222Z] > git rev-parse --show-toplevel [3ms]
[2022-10-01T10:25:39.222Z] fatal: not a git repository (or any of the parent directories): .git
[2022-10-01T10:26:16.553Z] > git rev-parse --show-toplevel [3ms]
[2022-10-01T10:26:16.553Z] fatal: not a git repository (or any of the parent directories): .git
[2022-10-01T10:26:18.140Z] > git rev-parse --show-toplevel [3ms]
[2022-10-01T10:26:18.140Z] fatal: not a git repository (or any of the parent directories): .git
[2022-10-01T10:26:19.582Z] > git rev-parse --show-toplevel [4ms]
[2022-10-01T10:26:19.582Z] fatal: not a git repository (or any of the parent directories): .git
[2022-10-01T10:26:21.870Z] > git rev-parse --show-toplevel [3ms]
[2022-10-01T10:26:21.870Z] fatal: not a git repository (or any of the parent directories): .git
[2022-10-01T10:26:23.868Z] > git rev-parse --show-toplevel [2ms]
[2022-10-01T10:26:23.868Z] fatal: not a git repository (or any of the parent directories): .git
[2022-10-01T10:26:25.524Z] > git rev-parse --show-toplevel [6ms]
[2022-10-01T10:26:25.524Z] fatal: not a git repository (or any of the parent directories): .git
[2022-10-01T10:27:10.209Z] > git rev-parse --show-toplevel [2ms]
[2022-10-01T10:27:10.209Z] fatal: not a git repository (or any of the parent directories): .git
[2022-10-01T10:27:22.047Z] > git rev-parse --show-toplevel [2ms]
[2022-10-01T10:27:22.048Z] fatal: not a git repository (or any of the parent directories): .git
[2022-10-01T10:27:22.841Z] > git rev-parse --show-toplevel [2ms]
[2022-10-01T10:27:22.841Z] fatal: not a git repository (or any of the parent directories): .git
[2022-10-01T10:27:23.660Z] > git rev-parse --show-toplevel [2ms]
[2022-10-01T10:27:23.660Z] fatal: not a git repository (or any of the parent directories): .git
[2022-10-01T10:27:24.616Z] > git rev-parse --show-toplevel [2ms]
[2022-10-01T10:27:24.616Z] fatal: not a git repository (or any of the parent directories): .git
[2022-10-01T10:27:25.416Z] > git rev-parse --show-toplevel [3ms]
[2022-10-01T10:27:25.416Z] fatal: not a git repository (or any of the parent directories): .git
[2022-10-01T10:27:26.791Z] > git rev-parse --show-toplevel [4ms]
[2022-10-01T10:27:26.791Z] fatal: not a git repository (or any of the parent directories): .git
[2022-10-01T10:27:29.208Z] > git rev-parse --show-toplevel [2ms]
[2022-10-01T10:27:29.208Z] fatal: not a git repository (or any of the parent directories): .git
[2022-10-01T10:27:33.827Z] > git rev-parse --show-toplevel [2ms]
[2022-10-01T10:27:33.827Z] fatal: not a git repository (or any of the parent directories): .git
[2022-10-01T10:27:42.410Z] > git rev-parse --show-toplevel [2ms]
[2022-10-01T10:27:42.410Z] fatal: not a git repository (or any of the parent directories): .git
[2022-10-01T10:27:43.935Z] > git rev-parse --show-toplevel [2ms]
[2022-10-01T10:27:43.935Z] fatal: not a git repository (or any of the parent directories): .git
[2022-10-01T10:28:03.064Z] > git rev-parse --show-toplevel [6ms]
[2022-10-01T10:28:03.064Z] fatal: not a git repository (or any of the parent directories): .git
[2022-10-01T10:29:48.285Z] > git rev-parse --show-toplevel [3ms]
[2022-10-01T10:29:48.285Z] fatal: not a git repository (or any of the parent directories): .git
[2022-10-01T10:29:48.897Z] > git rev-parse --show-toplevel [2ms]
[2022-10-01T10:29:48.897Z] fatal: not a git repository (or any of the parent directories): .git
[2022-10-01T10:29:50.042Z] > git rev-parse --show-toplevel [2ms]
[2022-10-01T10:29:50.042Z] fatal: not a git repository (or any of the parent directories): .git
[2022-10-01T10:29:50.765Z] > git rev-parse --show-toplevel [3ms]
[2022-10-01T10:29:50.765Z] fatal: not a git repository (or any of the parent directories): .git
[2022-10-01T10:29:52.033Z] > git rev-parse --show-toplevel [2ms]
[2022-10-01T10:29:52.033Z] fatal: not a git repository (or any of the parent directories): .git
[2022-10-01T10:31:25.718Z] > git rev-parse --show-toplevel [3ms]
[2022-10-01T10:31:25.718Z] fatal: not a git repository (or any of the parent directories): .git
[2022-10-01T10:31:27.635Z] > git rev-parse --show-toplevel [2ms]
[2022-10-01T10:31:27.635Z] fatal: not a git repository (or any of the parent directories): .git
[2022-10-01T10:31:29.220Z] > git rev-parse --show-toplevel [2ms]
[2022-10-01T10:31:29.220Z] fatal: not a git repository (or any of the parent directories): .git
[2022-10-01T10:31:30.319Z] > git rev-parse --show-toplevel [5ms]
[2022-10-01T10:31:30.319Z] fatal: not a git repository (or any of the parent directories): .git
[2022-10-01T10:31:30.982Z] > git rev-parse --show-toplevel [3ms]
[2022-10-01T10:31:30.982Z] fatal: not a git repository (or any of the parent directories): .git
[2022-10-01T10:31:31.666Z] > git rev-parse --show-toplevel [6ms]
[2022-10-01T10:31:31.666Z] fatal: not a git repository (or any of the parent directories): .git
[2022-10-01T10:31:37.711Z] > git rev-parse --show-toplevel [2ms]
[2022-10-01T10:31:37.711Z] fatal: not a git repository (or any of the parent directories): .git
[2022-10-01T10:33:23.196Z] > git rev-parse --show-toplevel [6ms]
[2022-10-01T10:33:23.196Z] fatal: not a git repository (or any of the parent directories): .git
