[2022-10-01T11:06:49.566Z] 로그 수준: Info
[2022-10-01T11:06:49.597Z] [info] git에서 찾은 git 유효성을 검사하는 중
[2022-10-01T11:06:49.720Z] [info] git에서 git 2.37.1을(를) 사용하는 중
[2022-10-01T11:06:49.923Z] > git rev-parse --show-toplevel [135ms]
[2022-10-01T11:06:49.923Z] fatal: not a git repository (or any of the parent directories): .git
[2022-10-01T11:06:49.957Z] > git rev-parse --show-toplevel [7ms]
[2022-10-01T11:06:49.957Z] fatal: not a git repository (or any of the parent directories): .git
[2022-10-01T11:06:49.973Z] > git rev-parse --show-toplevel [3ms]
[2022-10-01T11:06:49.973Z] fatal: not a git repository (or any of the parent directories): .git
[2022-10-01T11:06:49.999Z] > git rev-parse --show-toplevel [19ms]
[2022-10-01T11:06:49.999Z] fatal: not a git repository (or any of the parent directories): .git
[2022-10-01T11:06:50.019Z] > git rev-parse --show-toplevel [9ms]
[2022-10-01T11:06:50.019Z] fatal: not a git repository (or any of the parent directories): .git
[2022-10-01T11:06:50.030Z] > git rev-parse --show-toplevel [4ms]
[2022-10-01T11:06:50.030Z] fatal: not a git repository (or any of the parent directories): .git
[2022-10-01T11:06:50.043Z] > git rev-parse --show-toplevel [4ms]
[2022-10-01T11:06:50.043Z] fatal: not a git repository (or any of the parent directories): .git
[2022-10-01T11:06:50.057Z] > git rev-parse --show-toplevel [6ms]
[2022-10-01T11:06:50.083Z] > git rev-parse --git-dir --git-common-dir [17ms]
[2022-10-01T11:06:50.159Z] [info] Open repository: /home/ec2-user/PythonContest
[2022-10-01T11:06:50.255Z] > git status -z -uall [77ms]
[2022-10-01T11:06:50.266Z] > git rev-parse --show-toplevel [83ms]
[2022-10-01T11:06:50.266Z] fatal: not a git repository (or any of the parent directories): .git
[2022-10-01T11:06:50.277Z] > git rev-parse --show-toplevel [1ms]
[2022-10-01T11:06:50.277Z] fatal: not a git repository (or any of the parent directories): .git
[2022-10-01T11:06:50.287Z] > git symbolic-ref --short HEAD [22ms]
[2022-10-01T11:06:50.309Z] > git rev-parse --show-toplevel [23ms]
[2022-10-01T11:06:50.309Z] fatal: not a git repository (or any of the parent directories): .git
[2022-10-01T11:06:50.319Z] > git for-each-ref --format=%(refname)%00%(upstream:short)%00%(objectname)%00%(upstream:track)%00%(upstream:remotename)%00%(upstream:remoteref) refs/heads/main refs/remotes/main [25ms]
[2022-10-01T11:06:50.336Z] > git for-each-ref --sort -committerdate --format %(refname) %(objectname) %(*objectname) [10ms]
[2022-10-01T11:06:50.337Z] > git rev-parse --show-toplevel [19ms]
[2022-10-01T11:06:50.337Z] fatal: not a git repository (or any of the parent directories): .git
[2022-10-01T11:06:50.349Z] > git rev-parse --show-toplevel [4ms]
[2022-10-01T11:06:50.349Z] fatal: not a git repository (or any of the parent directories): .git
[2022-10-01T11:06:50.358Z] > git remote --verbose [24ms]
[2022-10-01T11:06:50.383Z] > git rev-parse --show-toplevel [25ms]
[2022-10-01T11:06:50.383Z] fatal: not a git repository (or any of the parent directories): .git
[2022-10-01T11:06:50.388Z] > git config --get commit.template [6ms]
[2022-10-01T11:06:50.402Z] > git rev-parse --show-toplevel [15ms]
[2022-10-01T11:06:50.402Z] fatal: not a git repository (or any of the parent directories): .git
[2022-10-01T11:06:50.417Z] > git status -z -uall [20ms]
[2022-10-01T11:06:50.429Z] > git symbolic-ref --short HEAD [3ms]
[2022-10-01T11:06:50.441Z] > git for-each-ref --format=%(refname)%00%(upstream:short)%00%(objectname)%00%(upstream:track)%00%(upstream:remotename)%00%(upstream:remoteref) refs/heads/main refs/remotes/main [5ms]
[2022-10-01T11:06:50.453Z] > git for-each-ref --sort -committerdate --format %(refname) %(objectname) %(*objectname) [7ms]
[2022-10-01T11:06:50.458Z] > git remote --verbose [7ms]
[2022-10-01T11:06:50.486Z] > git config --get commit.template [12ms]
[2022-10-01T11:06:50.825Z] > git check-ignore -v -z --stdin [10ms]
[2022-10-01T11:06:51.202Z] > git rev-parse --show-toplevel [15ms]
[2022-10-01T11:06:51.202Z] fatal: not a git repository (or any of the parent directories): .git
[2022-10-01T11:06:51.291Z] > git rev-parse --show-toplevel [8ms]
[2022-10-01T11:06:51.291Z] fatal: not a git repository (or any of the parent directories): .git
[2022-10-01T11:06:51.304Z] > git rev-parse --show-toplevel [4ms]
[2022-10-01T11:06:51.304Z] fatal: not a git repository (or any of the parent directories): .git
[2022-10-01T11:06:51.525Z] > git rev-parse --show-toplevel [16ms]
[2022-10-01T11:06:51.525Z] fatal: not a git repository (or any of the parent directories): .git
[2022-10-01T11:07:00.281Z] > git rev-parse --show-toplevel [2ms]
[2022-10-01T11:07:00.281Z] fatal: not a git repository (or any of the parent directories): .git
[2022-10-01T11:07:03.087Z] > git rev-parse --show-toplevel [4ms]
[2022-10-01T11:07:03.087Z] fatal: not a git repository (or any of the parent directories): .git
[2022-10-01T11:07:04.642Z] > git rev-parse --show-toplevel [2ms]
[2022-10-01T11:07:04.642Z] fatal: not a git repository (or any of the parent directories): .git
[2022-10-01T11:07:07.805Z] > git rev-parse --show-toplevel [3ms]
[2022-10-01T11:07:07.805Z] fatal: not a git repository (or any of the parent directories): .git
[2022-10-01T11:07:08.289Z] > git rev-parse --show-toplevel [2ms]
[2022-10-01T11:07:08.289Z] fatal: not a git repository (or any of the parent directories): .git
[2022-10-01T11:07:11.669Z] > git rev-parse --show-toplevel [3ms]
[2022-10-01T11:07:11.669Z] fatal: not a git repository (or any of the parent directories): .git
[2022-10-01T11:07:27.666Z] > git rev-parse --show-toplevel [7ms]
[2022-10-01T11:07:27.666Z] fatal: not a git repository (or any of the parent directories): .git
[2022-10-01T11:08:22.092Z] > git rev-parse --show-toplevel [2ms]
[2022-10-01T11:08:22.092Z] fatal: not a git repository (or any of the parent directories): .git
[2022-10-01T11:10:21.812Z] > git rev-parse --show-toplevel [2ms]
[2022-10-01T11:10:21.812Z] fatal: not a git repository (or any of the parent directories): .git
[2022-10-01T11:10:42.502Z] > git rev-parse --show-toplevel [8ms]
[2022-10-01T11:10:42.502Z] fatal: not a git repository (or any of the parent directories): .git
[2022-10-01T11:11:28.712Z] > git rev-parse --show-toplevel [3ms]
[2022-10-01T11:11:28.712Z] fatal: not a git repository (or any of the parent directories): .git
[2022-10-01T11:11:59.715Z] > git rev-parse --show-toplevel [3ms]
[2022-10-01T11:11:59.715Z] fatal: not a git repository (or any of the parent directories): .git
[2022-10-01T11:12:06.631Z] > git rev-parse --show-toplevel [2ms]
[2022-10-01T11:12:06.631Z] fatal: not a git repository (or any of the parent directories): .git
[2022-10-01T11:12:08.493Z] > git rev-parse --show-toplevel [2ms]
[2022-10-01T11:12:08.493Z] fatal: not a git repository (or any of the parent directories): .git
[2022-10-01T11:12:18.284Z] > git rev-parse --show-toplevel [3ms]
[2022-10-01T11:12:18.284Z] fatal: not a git repository (or any of the parent directories): .git
[2022-10-01T11:12:19.567Z] > git rev-parse --show-toplevel [3ms]
[2022-10-01T11:12:19.567Z] fatal: not a git repository (or any of the parent directories): .git
[2022-10-01T11:12:20.423Z] > git rev-parse --show-toplevel [2ms]
[2022-10-01T11:12:20.423Z] fatal: not a git repository (or any of the parent directories): .git
[2022-10-01T11:12:24.485Z] > git rev-parse --show-toplevel [3ms]
[2022-10-01T11:12:24.485Z] fatal: not a git repository (or any of the parent directories): .git
[2022-10-01T11:12:27.119Z] > git rev-parse --show-toplevel [5ms]
[2022-10-01T11:12:27.119Z] fatal: not a git repository (or any of the parent directories): .git
[2022-10-01T11:12:27.632Z] > git rev-parse --show-toplevel [2ms]
[2022-10-01T11:12:27.632Z] fatal: not a git repository (or any of the parent directories): .git
[2022-10-01T11:12:30.345Z] > git rev-parse --show-toplevel [2ms]
[2022-10-01T11:12:30.345Z] fatal: not a git repository (or any of the parent directories): .git
[2022-10-01T11:12:42.059Z] > git rev-parse --show-toplevel [2ms]
[2022-10-01T11:12:42.059Z] fatal: not a git repository (or any of the parent directories): .git
[2022-10-01T11:12:48.688Z] > git rev-parse --show-toplevel [2ms]
[2022-10-01T11:12:48.688Z] fatal: not a git repository (or any of the parent directories): .git
[2022-10-01T11:12:51.088Z] > git rev-parse --show-toplevel [2ms]
[2022-10-01T11:12:51.088Z] fatal: not a git repository (or any of the parent directories): .git
[2022-10-01T11:13:00.911Z] > git rev-parse --show-toplevel [2ms]
[2022-10-01T11:13:00.911Z] fatal: not a git repository (or any of the parent directories): .git
[2022-10-01T11:13:03.796Z] > git rev-parse --show-toplevel [2ms]
[2022-10-01T11:13:03.796Z] fatal: not a git repository (or any of the parent directories): .git
[2022-10-01T11:13:05.259Z] > git rev-parse --show-toplevel [3ms]
[2022-10-01T11:13:05.259Z] fatal: not a git repository (or any of the parent directories): .git
[2022-10-01T11:13:52.316Z] > git rev-parse --show-toplevel [3ms]
[2022-10-01T11:13:52.316Z] fatal: not a git repository (or any of the parent directories): .git
[2022-10-01T11:13:56.352Z] > git rev-parse --show-toplevel [2ms]
[2022-10-01T11:13:56.352Z] fatal: not a git repository (or any of the parent directories): .git
[2022-10-01T11:13:57.811Z] > git rev-parse --show-toplevel [2ms]
[2022-10-01T11:13:57.811Z] fatal: not a git repository (or any of the parent directories): .git
[2022-10-01T11:14:57.914Z] > git rev-parse --show-toplevel [2ms]
[2022-10-01T11:14:57.914Z] fatal: not a git repository (or any of the parent directories): .git
[2022-10-01T11:15:07.061Z] > git rev-parse --show-toplevel [2ms]
[2022-10-01T11:15:07.061Z] fatal: not a git repository (or any of the parent directories): .git
[2022-10-01T11:15:26.065Z] > git rev-parse --show-toplevel [2ms]
[2022-10-01T11:15:26.065Z] fatal: not a git repository (or any of the parent directories): .git
[2022-10-01T11:16:11.443Z] > git rev-parse --show-toplevel [3ms]
[2022-10-01T11:16:11.443Z] fatal: not a git repository (or any of the parent directories): .git
[2022-10-01T11:16:20.211Z] > git rev-parse --show-toplevel [2ms]
[2022-10-01T11:16:20.211Z] fatal: not a git repository (or any of the parent directories): .git
[2022-10-01T11:17:04.321Z] > git rev-parse --show-toplevel [2ms]
[2022-10-01T11:17:04.321Z] fatal: not a git repository (or any of the parent directories): .git
[2022-10-01T11:17:09.847Z] > git rev-parse --show-toplevel [3ms]
[2022-10-01T11:17:09.847Z] fatal: not a git repository (or any of the parent directories): .git
[2022-10-01T11:17:10.748Z] > git rev-parse --show-toplevel [4ms]
[2022-10-01T11:17:10.748Z] fatal: not a git repository (or any of the parent directories): .git
[2022-10-01T11:17:15.178Z] > git rev-parse --show-toplevel [2ms]
[2022-10-01T11:17:15.178Z] fatal: not a git repository (or any of the parent directories): .git
[2022-10-01T11:17:16.822Z] > git rev-parse --show-toplevel [3ms]
[2022-10-01T11:17:16.822Z] fatal: not a git repository (or any of the parent directories): .git
[2022-10-01T11:17:21.471Z] > git rev-parse --show-toplevel [2ms]
[2022-10-01T11:17:21.471Z] fatal: not a git repository (or any of the parent directories): .git
[2022-10-01T11:17:28.475Z] > git rev-parse --show-toplevel [2ms]
[2022-10-01T11:17:28.475Z] fatal: not a git repository (or any of the parent directories): .git
[2022-10-01T11:17:39.214Z] > git rev-parse --show-toplevel [2ms]
[2022-10-01T11:17:39.214Z] fatal: not a git repository (or any of the parent directories): .git
[2022-10-01T11:19:02.774Z] > git rev-parse --show-toplevel [3ms]
[2022-10-01T11:19:02.774Z] fatal: not a git repository (or any of the parent directories): .git
[2022-10-01T11:19:09.852Z] > git rev-parse --show-toplevel [2ms]
[2022-10-01T11:19:09.852Z] fatal: not a git repository (or any of the parent directories): .git
[2022-10-01T11:19:11.188Z] > git rev-parse --show-toplevel [4ms]
[2022-10-01T11:19:11.188Z] fatal: not a git repository (or any of the parent directories): .git
[2022-10-01T11:19:20.009Z] > git rev-parse --show-toplevel [2ms]
[2022-10-01T11:19:20.009Z] fatal: not a git repository (or any of the parent directories): .git
[2022-10-01T11:19:25.436Z] > git rev-parse --show-toplevel [2ms]
[2022-10-01T11:19:25.436Z] fatal: not a git repository (or any of the parent directories): .git
[2022-10-01T11:19:30.618Z] > git rev-parse --show-toplevel [3ms]
[2022-10-01T11:19:30.618Z] fatal: not a git repository (or any of the parent directories): .git
[2022-10-01T11:20:16.161Z] > git rev-parse --show-toplevel [2ms]
[2022-10-01T11:20:16.161Z] fatal: not a git repository (or any of the parent directories): .git
[2022-10-01T11:20:19.229Z] > git rev-parse --show-toplevel [2ms]
[2022-10-01T11:20:19.229Z] fatal: not a git repository (or any of the parent directories): .git
[2022-10-01T11:20:23.928Z] > git rev-parse --show-toplevel [2ms]
[2022-10-01T11:20:23.928Z] fatal: not a git repository (or any of the parent directories): .git
[2022-10-01T11:20:24.568Z] > git rev-parse --show-toplevel [2ms]
[2022-10-01T11:20:24.568Z] fatal: not a git repository (or any of the parent directories): .git
[2022-10-01T11:22:27.883Z] > git rev-parse --show-toplevel [2ms]
[2022-10-01T11:22:27.883Z] fatal: not a git repository (or any of the parent directories): .git
[2022-10-01T11:22:35.197Z] > git rev-parse --show-toplevel [9ms]
[2022-10-01T11:22:35.197Z] fatal: not a git repository (or any of the parent directories): .git
[2022-10-01T11:22:42.099Z] > git rev-parse --show-toplevel [2ms]
[2022-10-01T11:22:42.099Z] fatal: not a git repository (or any of the parent directories): .git
[2022-10-01T11:22:51.834Z] > git rev-parse --show-toplevel [2ms]
[2022-10-01T11:22:51.834Z] fatal: not a git repository (or any of the parent directories): .git
[2022-10-01T11:24:07.963Z] > git rev-parse --show-toplevel [4ms]
[2022-10-01T11:24:07.963Z] fatal: not a git repository (or any of the parent directories): .git
[2022-10-01T11:24:09.654Z] > git rev-parse --show-toplevel [7ms]
[2022-10-01T11:24:09.654Z] fatal: not a git repository (or any of the parent directories): .git
[2022-10-01T11:24:17.980Z] > git rev-parse --show-toplevel [21ms]
[2022-10-01T11:24:17.980Z] fatal: not a git repository (or any of the parent directories): .git
[2022-10-01T11:24:20.975Z] > git rev-parse --show-toplevel [3ms]
[2022-10-01T11:24:20.975Z] fatal: not a git repository (or any of the parent directories): .git
[2022-10-01T11:24:24.008Z] > git rev-parse --show-toplevel [15ms]
[2022-10-01T11:24:24.008Z] fatal: not a git repository (or any of the parent directories): .git
[2022-10-01T11:24:46.273Z] > git rev-parse --show-toplevel [2ms]
[2022-10-01T11:24:46.273Z] fatal: not a git repository (or any of the parent directories): .git
[2022-10-01T11:24:52.203Z] > git rev-parse --show-toplevel [7ms]
[2022-10-01T11:24:52.203Z] fatal: not a git repository (or any of the parent directories): .git
[2022-10-01T11:24:53.091Z] > git rev-parse --show-toplevel [3ms]
[2022-10-01T11:24:53.091Z] fatal: not a git repository (or any of the parent directories): .git
[2022-10-01T11:24:54.317Z] > git rev-parse --show-toplevel [2ms]
[2022-10-01T11:24:54.317Z] fatal: not a git repository (or any of the parent directories): .git
[2022-10-01T11:25:29.216Z] > git rev-parse --show-toplevel [2ms]
[2022-10-01T11:25:29.216Z] fatal: not a git repository (or any of the parent directories): .git
[2022-10-01T11:25:31.066Z] > git rev-parse --show-toplevel [8ms]
[2022-10-01T11:25:31.066Z] fatal: not a git repository (or any of the parent directories): .git
[2022-10-01T11:25:58.188Z] > git rev-parse --show-toplevel [2ms]
[2022-10-01T11:25:58.188Z] fatal: not a git repository (or any of the parent directories): .git
[2022-10-01T11:26:01.947Z] > git rev-parse --show-toplevel [3ms]
[2022-10-01T11:26:01.947Z] fatal: not a git repository (or any of the parent directories): .git
[2022-10-01T11:26:04.583Z] > git rev-parse --show-toplevel [2ms]
[2022-10-01T11:26:04.583Z] fatal: not a git repository (or any of the parent directories): .git
[2022-10-01T11:26:05.180Z] > git rev-parse --show-toplevel [2ms]
[2022-10-01T11:26:05.180Z] fatal: not a git repository (or any of the parent directories): .git
[2022-10-01T11:26:10.324Z] > git rev-parse --show-toplevel [3ms]
[2022-10-01T11:26:10.324Z] fatal: not a git repository (or any of the parent directories): .git
[2022-10-01T11:26:12.210Z] > git rev-parse --show-toplevel [2ms]
[2022-10-01T11:26:12.210Z] fatal: not a git repository (or any of the parent directories): .git
[2022-10-01T11:26:27.896Z] > git rev-parse --show-toplevel [2ms]
[2022-10-01T11:26:27.896Z] fatal: not a git repository (or any of the parent directories): .git
[2022-10-01T11:26:28.342Z] > git rev-parse --show-toplevel [6ms]
[2022-10-01T11:26:28.342Z] fatal: not a git repository (or any of the parent directories): .git
[2022-10-01T11:26:51.348Z] > git rev-parse --show-toplevel [2ms]
[2022-10-01T11:26:51.348Z] fatal: not a git repository (or any of the parent directories): .git
[2022-10-01T11:26:53.051Z] > git rev-parse --show-toplevel [4ms]
[2022-10-01T11:26:53.051Z] fatal: not a git repository (or any of the parent directories): .git
[2022-10-01T11:26:54.227Z] > git rev-parse --show-toplevel [8ms]
[2022-10-01T11:26:54.227Z] fatal: not a git repository (or any of the parent directories): .git
[2022-10-01T11:26:57.725Z] > git rev-parse --show-toplevel [4ms]
[2022-10-01T11:26:57.725Z] fatal: not a git repository (or any of the parent directories): .git
[2022-10-01T11:27:00.807Z] > git rev-parse --show-toplevel [8ms]
[2022-10-01T11:27:00.807Z] fatal: not a git repository (or any of the parent directories): .git
[2022-10-01T11:27:12.651Z] > git rev-parse --show-toplevel [7ms]
[2022-10-01T11:27:12.651Z] fatal: not a git repository (or any of the parent directories): .git
[2022-10-01T11:27:35.149Z] > git rev-parse --show-toplevel [3ms]
[2022-10-01T11:27:35.149Z] fatal: not a git repository (or any of the parent directories): .git
[2022-10-01T11:27:37.258Z] > git rev-parse --show-toplevel [5ms]
[2022-10-01T11:27:37.258Z] fatal: not a git repository (or any of the parent directories): .git
[2022-10-01T11:27:46.505Z] > git rev-parse --show-toplevel [13ms]
[2022-10-01T11:27:46.505Z] fatal: not a git repository (or any of the parent directories): .git
[2022-10-01T11:27:47.893Z] > git rev-parse --show-toplevel [2ms]
[2022-10-01T11:27:47.893Z] fatal: not a git repository (or any of the parent directories): .git
[2022-10-01T11:27:51.050Z] > git rev-parse --show-toplevel [3ms]
[2022-10-01T11:27:51.050Z] fatal: not a git repository (or any of the parent directories): .git
[2022-10-01T11:27:59.992Z] > git rev-parse --show-toplevel [3ms]
[2022-10-01T11:27:59.992Z] fatal: not a git repository (or any of the parent directories): .git
[2022-10-01T11:28:01.766Z] > git rev-parse --show-toplevel [5ms]
[2022-10-01T11:28:01.766Z] fatal: not a git repository (or any of the parent directories): .git
[2022-10-01T11:28:03.241Z] > git rev-parse --show-toplevel [20ms]
[2022-10-01T11:28:03.241Z] fatal: not a git repository (or any of the parent directories): .git
[2022-10-01T11:28:04.005Z] > git rev-parse --show-toplevel [4ms]
[2022-10-01T11:28:04.005Z] fatal: not a git repository (or any of the parent directories): .git
[2022-10-01T11:28:51.998Z] > git rev-parse --show-toplevel [3ms]
[2022-10-01T11:28:51.998Z] fatal: not a git repository (or any of the parent directories): .git
[2022-10-01T11:28:53.887Z] > git rev-parse --show-toplevel [7ms]
[2022-10-01T11:28:53.887Z] fatal: not a git repository (or any of the parent directories): .git
[2022-10-01T11:28:59.276Z] > git rev-parse --show-toplevel [5ms]
[2022-10-01T11:28:59.276Z] fatal: not a git repository (or any of the parent directories): .git
[2022-10-01T11:29:25.698Z] > git rev-parse --show-toplevel [2ms]
[2022-10-01T11:29:25.698Z] fatal: not a git repository (or any of the parent directories): .git
[2022-10-01T11:29:28.091Z] > git rev-parse --show-toplevel [8ms]
[2022-10-01T11:29:28.091Z] fatal: not a git repository (or any of the parent directories): .git
[2022-10-01T11:29:30.766Z] > git rev-parse --show-toplevel [2ms]
[2022-10-01T11:29:30.766Z] fatal: not a git repository (or any of the parent directories): .git
[2022-10-01T11:29:33.133Z] > git rev-parse --show-toplevel [2ms]
[2022-10-01T11:29:33.133Z] fatal: not a git repository (or any of the parent directories): .git
[2022-10-01T11:29:33.752Z] > git rev-parse --show-toplevel [2ms]
[2022-10-01T11:29:33.752Z] fatal: not a git repository (or any of the parent directories): .git
[2022-10-01T11:29:45.494Z] > git rev-parse --show-toplevel [5ms]
[2022-10-01T11:29:45.494Z] fatal: not a git repository (or any of the parent directories): .git
[2022-10-01T11:29:46.223Z] > git rev-parse --show-toplevel [2ms]
[2022-10-01T11:29:46.223Z] fatal: not a git repository (or any of the parent directories): .git
[2022-10-01T11:29:48.192Z] > git rev-parse --show-toplevel [4ms]
[2022-10-01T11:29:48.192Z] fatal: not a git repository (or any of the parent directories): .git
[2022-10-01T11:29:48.739Z] > git rev-parse --show-toplevel [1ms]
[2022-10-01T11:29:48.739Z] fatal: not a git repository (or any of the parent directories): .git
[2022-10-01T11:29:49.892Z] > git rev-parse --show-toplevel [2ms]
[2022-10-01T11:29:49.892Z] fatal: not a git repository (or any of the parent directories): .git
[2022-10-01T11:31:19.304Z] > git rev-parse --show-toplevel [2ms]
[2022-10-01T11:31:19.304Z] fatal: not a git repository (or any of the parent directories): .git
[2022-10-01T11:31:21.457Z] > git rev-parse --show-toplevel [10ms]
[2022-10-01T11:31:21.457Z] fatal: not a git repository (or any of the parent directories): .git
[2022-10-01T11:31:22.767Z] > git rev-parse --show-toplevel [2ms]
[2022-10-01T11:31:22.767Z] fatal: not a git repository (or any of the parent directories): .git
[2022-10-01T11:31:25.036Z] > git rev-parse --show-toplevel [3ms]
[2022-10-01T11:31:25.036Z] fatal: not a git repository (or any of the parent directories): .git
[2022-10-01T11:31:30.046Z] > git rev-parse --show-toplevel [5ms]
[2022-10-01T11:31:30.046Z] fatal: not a git repository (or any of the parent directories): .git
[2022-10-01T11:31:30.634Z] > git rev-parse --show-toplevel [2ms]
[2022-10-01T11:31:30.634Z] fatal: not a git repository (or any of the parent directories): .git
[2022-10-01T11:31:31.446Z] > git rev-parse --show-toplevel [3ms]
[2022-10-01T11:31:31.446Z] fatal: not a git repository (or any of the parent directories): .git
[2022-10-01T11:32:00.260Z] > git rev-parse --show-toplevel [2ms]
[2022-10-01T11:32:00.260Z] fatal: not a git repository (or any of the parent directories): .git
[2022-10-01T11:32:01.709Z] > git rev-parse --show-toplevel [2ms]
[2022-10-01T11:32:01.709Z] fatal: not a git repository (or any of the parent directories): .git
[2022-10-01T11:32:02.387Z] > git rev-parse --show-toplevel [3ms]
[2022-10-01T11:32:02.387Z] fatal: not a git repository (or any of the parent directories): .git
[2022-10-01T11:32:03.853Z] > git rev-parse --show-toplevel [11ms]
[2022-10-01T11:32:03.853Z] fatal: not a git repository (or any of the parent directories): .git
[2022-10-01T11:32:04.459Z] > git rev-parse --show-toplevel [9ms]
[2022-10-01T11:32:04.459Z] fatal: not a git repository (or any of the parent directories): .git
[2022-10-01T11:32:08.444Z] > git rev-parse --show-toplevel [4ms]
[2022-10-01T11:32:08.444Z] fatal: not a git repository (or any of the parent directories): .git
[2022-10-01T11:33:32.446Z] > git rev-parse --show-toplevel [3ms]
[2022-10-01T11:33:32.446Z] fatal: not a git repository (or any of the parent directories): .git
[2022-10-01T11:33:43.039Z] > git rev-parse --show-toplevel [13ms]
[2022-10-01T11:33:43.039Z] fatal: not a git repository (or any of the parent directories): .git
[2022-10-01T11:33:45.240Z] > git rev-parse --show-toplevel [2ms]
[2022-10-01T11:33:45.240Z] fatal: not a git repository (or any of the parent directories): .git
[2022-10-01T11:35:43.754Z] > git rev-parse --show-toplevel [7ms]
[2022-10-01T11:35:43.754Z] fatal: not a git repository (or any of the parent directories): .git
[2022-10-01T11:36:55.851Z] > git rev-parse --show-toplevel [2ms]
[2022-10-01T11:36:55.851Z] fatal: not a git repository (or any of the parent directories): .git
[2022-10-01T11:40:57.566Z] > git rev-parse --show-toplevel [2ms]
[2022-10-01T11:40:57.566Z] fatal: not a git repository (or any of the parent directories): .git
[2022-10-01T11:40:59.204Z] > git rev-parse --show-toplevel [12ms]
[2022-10-01T11:40:59.204Z] fatal: not a git repository (or any of the parent directories): .git
[2022-10-01T11:41:03.154Z] > git rev-parse --show-toplevel [3ms]
[2022-10-01T11:41:03.154Z] fatal: not a git repository (or any of the parent directories): .git
[2022-10-01T11:41:07.638Z] > git rev-parse --show-toplevel [2ms]
[2022-10-01T11:41:07.638Z] fatal: not a git repository (or any of the parent directories): .git
[2022-10-01T11:41:08.674Z] > git rev-parse --show-toplevel [2ms]
[2022-10-01T11:41:08.674Z] fatal: not a git repository (or any of the parent directories): .git
[2022-10-01T11:41:09.711Z] > git rev-parse --show-toplevel [4ms]
[2022-10-01T11:41:09.711Z] fatal: not a git repository (or any of the parent directories): .git
[2022-10-01T11:41:13.289Z] > git rev-parse --show-toplevel [2ms]
[2022-10-01T11:41:13.289Z] fatal: not a git repository (or any of the parent directories): .git
[2022-10-01T11:41:14.810Z] > git rev-parse --show-toplevel [4ms]
[2022-10-01T11:41:14.810Z] fatal: not a git repository (or any of the parent directories): .git
[2022-10-01T11:41:16.005Z] > git rev-parse --show-toplevel [3ms]
[2022-10-01T11:41:16.005Z] fatal: not a git repository (or any of the parent directories): .git
[2022-10-01T11:41:16.898Z] > git rev-parse --show-toplevel [2ms]
[2022-10-01T11:41:16.898Z] fatal: not a git repository (or any of the parent directories): .git
[2022-10-01T11:41:17.929Z] > git rev-parse --show-toplevel [4ms]
[2022-10-01T11:41:17.929Z] fatal: not a git repository (or any of the parent directories): .git
[2022-10-01T11:41:26.854Z] > git rev-parse --show-toplevel [5ms]
[2022-10-01T11:41:26.854Z] fatal: not a git repository (or any of the parent directories): .git
[2022-10-01T11:41:57.833Z] > git rev-parse --show-toplevel [7ms]
[2022-10-01T11:41:57.833Z] fatal: not a git repository (or any of the parent directories): .git
[2022-10-01T11:42:03.061Z] > git rev-parse --show-toplevel [2ms]
[2022-10-01T11:42:03.061Z] fatal: not a git repository (or any of the parent directories): .git
[2022-10-01T11:42:12.004Z] > git rev-parse --show-toplevel [2ms]
[2022-10-01T11:42:12.004Z] fatal: not a git repository (or any of the parent directories): .git
[2022-10-01T11:42:13.328Z] > git rev-parse --show-toplevel [3ms]
[2022-10-01T11:42:13.328Z] fatal: not a git repository (or any of the parent directories): .git
[2022-10-01T11:42:14.582Z] > git rev-parse --show-toplevel [2ms]
[2022-10-01T11:42:14.582Z] fatal: not a git repository (or any of the parent directories): .git
[2022-10-01T11:42:16.069Z] > git rev-parse --show-toplevel [3ms]
[2022-10-01T11:42:16.069Z] fatal: not a git repository (or any of the parent directories): .git
[2022-10-01T11:43:23.002Z] > git rev-parse --show-toplevel [3ms]
[2022-10-01T11:43:23.002Z] fatal: not a git repository (or any of the parent directories): .git
[2022-10-01T11:43:23.686Z] > git rev-parse --show-toplevel [2ms]
[2022-10-01T11:43:23.686Z] fatal: not a git repository (or any of the parent directories): .git
[2022-10-01T11:43:26.481Z] > git rev-parse --show-toplevel [2ms]
[2022-10-01T11:43:26.481Z] fatal: not a git repository (or any of the parent directories): .git
[2022-10-01T11:43:29.066Z] > git rev-parse --show-toplevel [6ms]
[2022-10-01T11:43:29.066Z] fatal: not a git repository (or any of the parent directories): .git
[2022-10-01T11:45:01.676Z] > git rev-parse --show-toplevel [3ms]
[2022-10-01T11:45:01.676Z] fatal: not a git repository (or any of the parent directories): .git
[2022-10-01T11:45:09.714Z] > git rev-parse --show-toplevel [3ms]
[2022-10-01T11:45:09.714Z] fatal: not a git repository (or any of the parent directories): .git
