[2022-10-04 11:14:27.316] [exthost] [info] Extension host with pid 20643 started
[2022-10-04 11:14:27.354] [exthost] [info] Lock '/home/ec2-user/.vscode-server/data/User/workspaceStorage/57aa58a39e52f6eaf2c610504a010385/vscode.lock': Lock acquired.
[2022-10-04 11:14:27.727] [exthost] [info] ExtensionService#_doActivateExtension vscode.html-language-features, startup: false, activationEvent: 'onLanguage:html'
[2022-10-04 11:14:27.980] [exthost] [info] ExtensionService#_doActivateExtension vscode.debug-auto-launch, startup: true, activationEvent: '*'
[2022-10-04 11:14:28.002] [exthost] [info] ExtensionService#_doActivateExtension vscode.git-base, startup: true, activationEvent: '*', root cause: vscode.git
[2022-10-04 11:14:28.007] [exthost] [info] ExtensionService#_doActivateExtension vscode.ipynb, startup: true, activationEvent: '*'
[2022-10-04 11:14:28.367] [exthost] [info] ExtensionService#_doActivateExtension vscode.git, startup: true, activationEvent: '*'
[2022-10-04 11:14:28.636] [exthost] [info] ExtensionService#_doActivateExtension vscode.github, startup: true, activationEvent: '*'
[2022-10-04 11:14:29.273] [exthost] [info] ExtensionService#_doActivateExtension vscode.emmet, startup: false, activationEvent: 'onStartupFinished'
[2022-10-04 11:14:29.315] [exthost] [info] ExtensionService#_doActivateExtension vscode.merge-conflict, startup: false, activationEvent: 'onStartupFinished'
[2022-10-04 11:14:29.320] [exthost] [info] Eager extensions activated
[2022-10-04 12:56:47.687] [exthost] [info] Extension host terminating: renderer disconnected for too long (2)
[2022-10-04 12:56:47.688] [exthost] [info] Lock '/home/ec2-user/.vscode-server/data/User/workspaceStorage/57aa58a39e52f6eaf2c610504a010385/vscode.lock': Marking the lockfile as scheduled to be released in 6000 ms.
[2022-10-04 12:56:47.709] [exthost] [info] Extension host with pid 20643 exiting with code 0
[2022-10-04 13:00:23.136] [exthost] [info] Extension host with pid 29222 started
[2022-10-04 13:00:23.147] [exthost] [info] Lock '/home/ec2-user/.vscode-server/data/User/workspaceStorage/57aa58a39e52f6eaf2c610504a010385/vscode.lock': Lock acquired.
[2022-10-04 13:00:23.432] [exthost] [info] ExtensionService#_doActivateExtension vscode.html-language-features, startup: false, activationEvent: 'onLanguage:html'
[2022-10-04 13:00:23.513] [exthost] [info] ExtensionService#_doActivateExtension vscode.git-base, startup: false, activationEvent: 'onFileSystem:git', root cause: vscode.git
[2022-10-04 13:00:23.518] [exthost] [info] ExtensionService#_doActivateExtension vscode.debug-auto-launch, startup: true, activationEvent: '*'
[2022-10-04 13:00:23.522] [exthost] [info] ExtensionService#_doActivateExtension vscode.ipynb, startup: true, activationEvent: '*'
[2022-10-04 13:00:23.812] [exthost] [info] ExtensionService#_doActivateExtension vscode.git, startup: false, activationEvent: 'onFileSystem:git'
[2022-10-04 13:00:23.900] [exthost] [info] ExtensionService#_doActivateExtension vscode.github, startup: true, activationEvent: '*'
[2022-10-04 13:00:24.277] [exthost] [info] ExtensionService#_doActivateExtension vscode.emmet, startup: false, activationEvent: 'onStartupFinished'
[2022-10-04 13:00:24.321] [exthost] [info] ExtensionService#_doActivateExtension vscode.merge-conflict, startup: false, activationEvent: 'onStartupFinished'
[2022-10-04 13:00:24.330] [exthost] [info] Eager extensions activated
[2022-10-04 13:48:40.226] [exthost] [info] Extension host terminating: received terminate message from renderer
[2022-10-04 13:48:40.227] [exthost] [info] Lock '/home/ec2-user/.vscode-server/data/User/workspaceStorage/57aa58a39e52f6eaf2c610504a010385/vscode.lock': Marking the lockfile as scheduled to be released in 6000 ms.
[2022-10-04 13:48:40.266] [exthost] [info] Extension host with pid 29222 exiting with code 0
