*
* Visual Studio Code Server
*
* By using the software, you agree to
* the Visual Studio Code Server License Terms (https://aka.ms/vscode-server-license) and
* the Microsoft Privacy Statement (https://privacy.microsoft.com/en-US/privacystatement).
*
Server bound to 127.0.0.1:36657 (IPv4)
Extension host agent listening on 36657

[12:21:52] Extension host agent started.
[12:21:52] [127.0.0.1][15b800bd][ManagementConnection] New connection established.
[12:21:52] [127.0.0.1][68828885][ExtensionHostConnection] New connection established.
[12:21:52] [127.0.0.1][68828885][ExtensionHostConnection] <15245> Launched Extension Host Process.
[IPC Library: Pty Host]  WARN Shell integration cannot be enabled for executable "/bin/sh" and args [
  '-c',
  'wget --version > /dev/null\n' +
    'if [ $? -eq 0 ]\n' +
    'then\n' +
    "\twget --connect-timeout=7 --tries=1 --dns-timeout=7 -q --header='Metadata:true' -O - http://169.254.169.254/metadata/instance?api-version=2019-03-11\n" +
    'else\n' +
    '\tcurl --version > /dev/null\n' +
    '\tif [ $? -eq 0 ]\n' +
    '\tthen\n' +
    "\t\tcurl --connect-timeout 7 -s --header='Metadata:true' http://169.254.169.254/metadata/instance?api-version=2019-03-11\n" +
    '\tfi\n' +
    'fi\n' +
    'exit 0'
]
[IPC Library: Pty Host]  WARN Shell integration cannot be enabled for executable "/bin/sh" and args [
  '-c',
  'wget --version > /dev/null\n' +
    'if [ $? -eq 0 ]\n' +
    'then\n' +
    '\twget --connect-timeout=7 --tries=1 --dns-timeout=7 -q  -O - http://169.254.169.254/latest/meta-data/instance-id\n' +
    'else\n' +
    '\tcurl --version > /dev/null\n' +
    '\tif [ $? -eq 0 ]\n' +
    '\tthen\n' +
    '\t\tcurl --connect-timeout 7 -s  http://169.254.169.254/latest/meta-data/instance-id\n' +
    '\tfi\n' +
    'fi\n' +
    'exit 0'
]
[IPC Library: Pty Host]  WARN Shell integration cannot be enabled for executable "/bin/sh" and args [
  '-c',
  'wget --version > /dev/null\n' +
    'if [ $? -eq 0 ]\n' +
    'then\n' +
    '\twget --connect-timeout=7 --tries=1 --dns-timeout=7 -q  -O - http://169.254.169.254/metadata/v1/id\n' +
    'else\n' +
    '\tcurl --version > /dev/null\n' +
    '\tif [ $? -eq 0 ]\n' +
    '\tthen\n' +
    '\t\tcurl --connect-timeout 7 -s  http://169.254.169.254/metadata/v1/id\n' +
    '\tfi\n' +
    'fi\n' +
    'exit 0'
]
[IPC Library: Pty Host]  WARN Shell integration cannot be enabled for executable "/bin/sh" and args [
  '-c',
  'wget --version > /dev/null\n' +
    'if [ $? -eq 0 ]\n' +
    'then\n' +
    "\twget --connect-timeout=7 --tries=1 --dns-timeout=7 -q --header='Metadata-Flavor:Google' -O - http://metadata.google.internal/computeMetadata/v1/instance/id\n" +
    'else\n' +
    '\tcurl --version > /dev/null\n' +
    '\tif [ $? -eq 0 ]\n' +
    '\tthen\n' +
    "\t\tcurl --connect-timeout 7 -s --header='Metadata-Flavor:Google' http://metadata.google.internal/computeMetadata/v1/instance/id\n" +
    '\tfi\n' +
    'fi\n' +
    'exit 0'
]
[12:21:58] Getting Manifest... ms-ceintl.vscode-language-pack-ko
[12:21:58] Installing extension: ms-ceintl.vscode-language-pack-ko
[12:21:58] Downloaded extension: ms-ceintl.vscode-language-pack-ko /home/ec2-user/.vscode-server/data/CachedExtensionVSIXs/ms-ceintl.vscode-language-pack-ko-1.71.9140930
[12:21:58] Extracted extension to /home/ec2-user/.vscode-server/extensions/.cf84d43c-6b5c-4c75-9141-c7c829f236ed: ms-ceintl.vscode-language-pack-ko
[12:21:58] Renamed to /home/ec2-user/.vscode-server/extensions/ms-ceintl.vscode-language-pack-ko-1.71.9140930
[12:21:58] Extracting completed. ms-ceintl.vscode-language-pack-ko
[12:21:58] Adding language packs from the extension ms-ceintl.vscode-language-pack-ko
[12:21:59] Extension installed successfully: ms-ceintl.vscode-language-pack-ko
[12:39:54] [127.0.0.1][15b800bd][ManagementConnection] The client has disconnected gracefully, so the connection will be disposed.
[12:39:54] [127.0.0.1][68828885][ExtensionHostConnection] <15245> Extension Host Process exited with code: 0, signal: null.
Last EH closed, waiting before shutting down
[12:39:54] Last EH closed, waiting before shutting down
Last EH closed, shutting down
[12:44:54] Last EH closed, shutting down
