*
* Visual Studio Code Server
*
* By using the software, you agree to
* the Visual Studio Code Server License Terms (https://aka.ms/vscode-server-license) and
* the Microsoft Privacy Statement (https://privacy.microsoft.com/en-US/privacystatement).
*
Server bound to 127.0.0.1:39729 (IPv4)
Extension host agent listening on 39729

[14:56:44] Extension host agent started.
[14:56:45] [127.0.0.1][68e547c3][ManagementConnection] New connection established.
[14:56:46] [127.0.0.1][182e34aa][ExtensionHostConnection] New connection established.
[14:56:46] [127.0.0.1][182e34aa][ExtensionHostConnection] <11190> Launched Extension Host Process.
[IPC Library: Pty Host]  WARN Shell integration cannot be enabled for executable "/bin/sh" and args [
  '-c',
  'wget --version > /dev/null\n' +
    'if [ $? -eq 0 ]\n' +
    'then\n' +
    "\twget --connect-timeout=7 --tries=1 --dns-timeout=7 -q --header='Metadata:true' -O - http://169.254.169.254/metadata/instance?api-version=2019-03-11\n" +
    'else\n' +
    '\tcurl --version > /dev/null\n' +
    '\tif [ $? -eq 0 ]\n' +
    '\tthen\n' +
    "\t\tcurl --connect-timeout 7 -s --header='Metadata:true' http://169.254.169.254/metadata/instance?api-version=2019-03-11\n" +
    '\tfi\n' +
    'fi\n' +
    'exit 0'
]
[IPC Library: Pty Host]  WARN Shell integration cannot be enabled for executable "/bin/sh" and args [
  '-c',
  'wget --version > /dev/null\n' +
    'if [ $? -eq 0 ]\n' +
    'then\n' +
    '\twget --connect-timeout=7 --tries=1 --dns-timeout=7 -q  -O - http://169.254.169.254/latest/meta-data/instance-id\n' +
    'else\n' +
    '\tcurl --version > /dev/null\n' +
    '\tif [ $? -eq 0 ]\n' +
    '\tthen\n' +
    '\t\tcurl --connect-timeout 7 -s  http://169.254.169.254/latest/meta-data/instance-id\n' +
    '\tfi\n' +
    'fi\n' +
    'exit 0'
]
[IPC Library: Pty Host]  WARN Shell integration cannot be enabled for executable "/bin/sh" and args [
  '-c',
  'wget --version > /dev/null\n' +
    'if [ $? -eq 0 ]\n' +
    'then\n' +
    '\twget --connect-timeout=7 --tries=1 --dns-timeout=7 -q  -O - http://169.254.169.254/metadata/v1/id\n' +
    'else\n' +
    '\tcurl --version > /dev/null\n' +
    '\tif [ $? -eq 0 ]\n' +
    '\tthen\n' +
    '\t\tcurl --connect-timeout 7 -s  http://169.254.169.254/metadata/v1/id\n' +
    '\tfi\n' +
    'fi\n' +
    'exit 0'
]
[IPC Library: Pty Host]  WARN Shell integration cannot be enabled for executable "/bin/sh" and args [
  '-c',
  'wget --version > /dev/null\n' +
    'if [ $? -eq 0 ]\n' +
    'then\n' +
    "\twget --connect-timeout=7 --tries=1 --dns-timeout=7 -q --header='Metadata-Flavor:Google' -O - http://metadata.google.internal/computeMetadata/v1/instance/id\n" +
    'else\n' +
    '\tcurl --version > /dev/null\n' +
    '\tif [ $? -eq 0 ]\n' +
    '\tthen\n' +
    "\t\tcurl --connect-timeout 7 -s --header='Metadata-Flavor:Google' http://metadata.google.internal/computeMetadata/v1/instance/id\n" +
    '\tfi\n' +
    'fi\n' +
    'exit 0'
]
[15:02:06] No ptyHost heartbeat after 6 seconds
[15:06:51] [127.0.0.1][68e547c3][ManagementConnection] The client has disconnected, will wait for reconnection 3h before disposing...
[15:06:51] Error: Unexpected SIGPIPE
    at process.<anonymous> (/home/ec2-user/.vscode-server/bin/e7f30e38c5a4efafeec8ad52861eb772a9ee4dfb/out/vs/server/node/server.main.js:145:7922)
    at process.emit (node:events:526:28)
[15:06:56] Error: Unexpected SIGPIPE
    at process.<anonymous> (/home/ec2-user/.vscode-server/bin/e7f30e38c5a4efafeec8ad52861eb772a9ee4dfb/out/vs/server/node/server.main.js:145:7922)
    at process.emit (node:events:526:28)
[15:17:05] [127.0.0.1][68e547c3][ManagementConnection] Another client has connected, will shorten the wait for reconnection 5m before disposing...
[15:17:05] [127.0.0.1][ff344679][ManagementConnection] New connection established.
[15:17:05] [127.0.0.1][d81ad865][ExtensionHostConnection] New connection established.
[15:17:05] [127.0.0.1][d81ad865][ExtensionHostConnection] <11504> Launched Extension Host Process.
[15:17:16] No ptyHost heartbeat after 6 seconds
[15:24:49] No ptyHost response to createProcess after 5 seconds
