[2022-10-01T01:39:11.356Z] 로그 수준: Info
[2022-10-01T01:39:11.378Z] [info] git에서 찾은 git 유효성을 검사하는 중
[2022-10-01T01:39:11.444Z] [info] git에서 git 2.37.1을(를) 사용하는 중
[2022-10-01T01:39:11.547Z] > git rev-parse --show-toplevel [67ms]
[2022-10-01T01:39:11.547Z] fatal: not a git repository (or any of the parent directories): .git
[2022-10-01T01:39:11.569Z] > git rev-parse --show-toplevel [6ms]
[2022-10-01T01:39:11.569Z] fatal: not a git repository (or any of the parent directories): .git
[2022-10-01T01:39:11.581Z] > git rev-parse --show-toplevel [4ms]
[2022-10-01T01:39:11.581Z] fatal: not a git repository (or any of the parent directories): .git
[2022-10-01T01:39:11.594Z] > git rev-parse --show-toplevel [2ms]
[2022-10-01T01:39:11.594Z] fatal: not a git repository (or any of the parent directories): .git
[2022-10-01T01:39:11.611Z] > git rev-parse --show-toplevel [7ms]
[2022-10-01T01:39:11.611Z] fatal: not a git repository (or any of the parent directories): .git
[2022-10-01T01:39:11.626Z] > git rev-parse --show-toplevel [7ms]
[2022-10-01T01:39:11.626Z] fatal: not a git repository (or any of the parent directories): .git
[2022-10-01T01:39:11.635Z] > git rev-parse --show-toplevel [2ms]
[2022-10-01T01:39:11.635Z] fatal: not a git repository (or any of the parent directories): .git
[2022-10-01T01:39:11.689Z] > git rev-parse --show-toplevel [44ms]
[2022-10-01T01:39:11.729Z] > git rev-parse --git-dir --git-common-dir [10ms]
[2022-10-01T01:39:11.765Z] [info] Open repository: /home/ec2-user/PythonContest
[2022-10-01T01:39:11.857Z] > git status -z -uall [66ms]
[2022-10-01T01:39:11.878Z] > git rev-parse --show-toplevel [76ms]
[2022-10-01T01:39:11.878Z] fatal: not a git repository (or any of the parent directories): .git
[2022-10-01T01:39:11.898Z] > git rev-parse --show-toplevel [5ms]
[2022-10-01T01:39:11.898Z] fatal: not a git repository (or any of the parent directories): .git
[2022-10-01T01:39:11.908Z] > git symbolic-ref --short HEAD [31ms]
[2022-10-01T01:39:11.924Z] > git rev-parse --show-toplevel [17ms]
[2022-10-01T01:39:11.924Z] fatal: not a git repository (or any of the parent directories): .git
[2022-10-01T01:39:12.025Z] > git for-each-ref --format=%(refname)%00%(upstream:short)%00%(objectname)%00%(upstream:track)%00%(upstream:remotename)%00%(upstream:remoteref) refs/heads/main refs/remotes/main [103ms]
[2022-10-01T01:39:12.061Z] > git for-each-ref --sort -committerdate --format %(refname) %(objectname) %(*objectname) [18ms]
[2022-10-01T01:39:12.062Z] > git rev-parse --show-toplevel [127ms]
[2022-10-01T01:39:12.062Z] fatal: not a git repository (or any of the parent directories): .git
[2022-10-01T01:39:12.073Z] > git remote --verbose [22ms]
[2022-10-01T01:39:12.115Z] > git rev-parse --show-toplevel [45ms]
[2022-10-01T01:39:12.115Z] fatal: not a git repository (or any of the parent directories): .git
[2022-10-01T01:39:12.119Z] > git config --get commit.template [5ms]
[2022-10-01T01:39:12.130Z] > git rev-parse --show-toplevel [11ms]
[2022-10-01T01:39:12.130Z] fatal: not a git repository (or any of the parent directories): .git
[2022-10-01T01:39:12.146Z] > git rev-parse --show-toplevel [4ms]
[2022-10-01T01:39:12.146Z] fatal: not a git repository (or any of the parent directories): .git
[2022-10-01T01:39:12.149Z] > git status -z -uall [20ms]
[2022-10-01T01:39:12.161Z] > git symbolic-ref --short HEAD [7ms]
[2022-10-01T01:39:12.172Z] > git for-each-ref --format=%(refname)%00%(upstream:short)%00%(objectname)%00%(upstream:track)%00%(upstream:remotename)%00%(upstream:remoteref) refs/heads/main refs/remotes/main [2ms]
[2022-10-01T01:39:12.186Z] > git for-each-ref --sort -committerdate --format %(refname) %(objectname) %(*objectname) [8ms]
[2022-10-01T01:39:12.190Z] > git remote --verbose [7ms]
[2022-10-01T01:39:12.206Z] > git config --get commit.template [4ms]
[2022-10-01T01:39:12.613Z] > git check-ignore -v -z --stdin [7ms]
[2022-10-01T01:39:13.317Z] > git rev-parse --show-toplevel [6ms]
[2022-10-01T01:39:13.317Z] fatal: not a git repository (or any of the parent directories): .git
[2022-10-01T01:39:13.397Z] > git rev-parse --show-toplevel [21ms]
[2022-10-01T01:39:13.397Z] fatal: not a git repository (or any of the parent directories): .git
[2022-10-01T01:39:13.418Z] > git rev-parse --show-toplevel [5ms]
[2022-10-01T01:39:13.418Z] fatal: not a git repository (or any of the parent directories): .git
[2022-10-01T01:39:13.435Z] > git rev-parse --show-toplevel [7ms]
[2022-10-01T01:39:13.435Z] fatal: not a git repository (or any of the parent directories): .git
[2022-10-01T01:39:47.345Z] > git rev-parse --show-toplevel [2ms]
[2022-10-01T01:39:47.345Z] fatal: not a git repository (or any of the parent directories): .git
[2022-10-01T01:39:47.918Z] > git rev-parse --show-toplevel [5ms]
[2022-10-01T01:39:47.918Z] fatal: not a git repository (or any of the parent directories): .git
[2022-10-01T01:39:51.742Z] > git rev-parse --show-toplevel [2ms]
[2022-10-01T01:39:51.742Z] fatal: not a git repository (or any of the parent directories): .git
[2022-10-01T01:39:53.021Z] > git rev-parse --show-toplevel [2ms]
[2022-10-01T01:39:53.021Z] fatal: not a git repository (or any of the parent directories): .git
[2022-10-01T01:39:54.170Z] > git rev-parse --show-toplevel [10ms]
[2022-10-01T01:39:54.170Z] fatal: not a git repository (or any of the parent directories): .git
[2022-10-01T01:40:27.030Z] > git rev-parse --show-toplevel [1ms]
[2022-10-01T01:40:27.030Z] fatal: not a git repository (or any of the parent directories): .git
[2022-10-01T01:40:27.829Z] > git rev-parse --show-toplevel [5ms]
[2022-10-01T01:40:27.829Z] fatal: not a git repository (or any of the parent directories): .git
[2022-10-01T01:43:36.725Z] > git rev-parse --show-toplevel [2ms]
[2022-10-01T01:43:36.725Z] fatal: not a git repository (or any of the parent directories): .git
[2022-10-01T01:46:18.372Z] > git rev-parse --show-toplevel [8ms]
[2022-10-01T01:46:18.372Z] fatal: not a git repository (or any of the parent directories): .git
[2022-10-01T01:47:20.198Z] > git rev-parse --show-toplevel [2ms]
[2022-10-01T01:47:20.198Z] fatal: not a git repository (or any of the parent directories): .git
[2022-10-01T01:47:21.056Z] > git rev-parse --show-toplevel [2ms]
[2022-10-01T01:47:21.056Z] fatal: not a git repository (or any of the parent directories): .git
[2022-10-01T01:47:22.430Z] > git rev-parse --show-toplevel [3ms]
[2022-10-01T01:47:22.430Z] fatal: not a git repository (or any of the parent directories): .git
[2022-10-01T01:47:23.763Z] > git rev-parse --show-toplevel [2ms]
[2022-10-01T01:47:23.763Z] fatal: not a git repository (or any of the parent directories): .git
[2022-10-01T01:47:25.253Z] > git rev-parse --show-toplevel [2ms]
[2022-10-01T01:47:25.253Z] fatal: not a git repository (or any of the parent directories): .git
[2022-10-01T01:47:26.437Z] > git rev-parse --show-toplevel [2ms]
[2022-10-01T01:47:26.437Z] fatal: not a git repository (or any of the parent directories): .git
[2022-10-01T01:47:27.178Z] > git rev-parse --show-toplevel [3ms]
[2022-10-01T01:47:27.178Z] fatal: not a git repository (or any of the parent directories): .git
[2022-10-01T01:47:29.141Z] > git rev-parse --show-toplevel [9ms]
[2022-10-01T01:47:29.141Z] fatal: not a git repository (or any of the parent directories): .git
[2022-10-01T01:48:12.758Z] > git rev-parse --show-toplevel [2ms]
[2022-10-01T01:48:12.758Z] fatal: not a git repository (or any of the parent directories): .git
[2022-10-01T01:48:15.237Z] > git rev-parse --show-toplevel [2ms]
[2022-10-01T01:48:15.237Z] fatal: not a git repository (or any of the parent directories): .git
[2022-10-01T01:48:16.179Z] > git rev-parse --show-toplevel [2ms]
[2022-10-01T01:48:16.179Z] fatal: not a git repository (or any of the parent directories): .git
[2022-10-01T01:48:16.802Z] > git rev-parse --show-toplevel [3ms]
[2022-10-01T01:48:16.802Z] fatal: not a git repository (or any of the parent directories): .git
[2022-10-01T01:48:19.160Z] > git rev-parse --show-toplevel [3ms]
[2022-10-01T01:48:19.160Z] fatal: not a git repository (or any of the parent directories): .git
[2022-10-01T01:48:20.353Z] > git rev-parse --show-toplevel [3ms]
[2022-10-01T01:48:20.353Z] fatal: not a git repository (or any of the parent directories): .git
[2022-10-01T01:48:21.193Z] > git rev-parse --show-toplevel [3ms]
[2022-10-01T01:48:21.193Z] fatal: not a git repository (or any of the parent directories): .git
[2022-10-01T01:48:22.748Z] > git rev-parse --show-toplevel [2ms]
[2022-10-01T01:48:22.748Z] fatal: not a git repository (or any of the parent directories): .git
[2022-10-01T01:48:23.715Z] > git rev-parse --show-toplevel [2ms]
[2022-10-01T01:48:23.715Z] fatal: not a git repository (or any of the parent directories): .git
[2022-10-01T01:48:24.576Z] > git rev-parse --show-toplevel [2ms]
[2022-10-01T01:48:24.576Z] fatal: not a git repository (or any of the parent directories): .git
[2022-10-01T01:48:25.222Z] > git rev-parse --show-toplevel [3ms]
[2022-10-01T01:48:25.222Z] fatal: not a git repository (or any of the parent directories): .git
[2022-10-01T01:48:27.636Z] > git rev-parse --show-toplevel [2ms]
[2022-10-01T01:48:27.636Z] fatal: not a git repository (or any of the parent directories): .git
[2022-10-01T01:48:30.322Z] > git rev-parse --show-toplevel [2ms]
[2022-10-01T01:48:30.322Z] fatal: not a git repository (or any of the parent directories): .git
[2022-10-01T01:49:25.411Z] > git rev-parse --show-toplevel [5ms]
[2022-10-01T01:49:25.411Z] fatal: not a git repository (or any of the parent directories): .git
[2022-10-01T01:52:27.583Z] > git rev-parse --show-toplevel [2ms]
[2022-10-01T01:52:27.583Z] fatal: not a git repository (or any of the parent directories): .git
[2022-10-01T01:52:29.779Z] > git rev-parse --show-toplevel [2ms]
[2022-10-01T01:52:29.779Z] fatal: not a git repository (or any of the parent directories): .git
[2022-10-01T01:52:31.311Z] > git rev-parse --show-toplevel [2ms]
[2022-10-01T01:52:31.311Z] fatal: not a git repository (or any of the parent directories): .git
[2022-10-01T01:53:06.636Z] > git rev-parse --show-toplevel [10ms]
[2022-10-01T01:53:06.636Z] fatal: not a git repository (or any of the parent directories): .git
